# JRE version: Java(TM) SE Runtime Environment (8.0_191-b12) (build 1.8.0_191-b12)
# Java VM: Java HotSpot(TM) Client VM (25.191-b12 mixed mode, sharing windows-x86 )
Heap:
 def new generation   total 8704K, used 6989K [0x04400000, 0x04d70000, 0x09950000)
  eden space 7744K,  77% used [0x04400000, 0x049e3668, 0x04b90000)
  from space 960K, 100% used [0x04b90000, 0x04c80000, 0x04c80000)
  to   space 960K,   0% used [0x04c80000, 0x04c80000, 0x04d70000)
 tenured generation   total 19276K, used 18311K [0x09950000, 0x0ac23000, 0x14400000)
   the space 19276K,  94% used [0x09950000, 0x0ab31fc8, 0x0ab32000, 0x0ac23000)
 Metaspace       used 4399K, capacity 4611K, committed 4736K, reserved 5504K
GC Heap History (10 events):
Event: 2.252 GC heap before
{Heap before GC invocations=5 (full 0):
 def new generation   total 4928K, used 4555K [0x04400000, 0x04950000, 0x09950000)
  eden space 4416K, 100% used [0x04400000, 0x04850000, 0x04850000)
  from space 512K,  27% used [0x048d0000, 0x048f2da0, 0x04950000)
  to   space 512K,   0% used [0x04850000, 0x04850000, 0x048d0000)
 tenured generation   total 10944K, used 8265K [0x09950000, 0x0a400000, 0x14400000)
   the space 10944K,  75% used [0x09950000, 0x0a162770, 0x0a162800, 0x0a400000)
 Metaspace       used 1270K, capacity 2580K, committed 2624K, reserved 4480K
Event: 2.265 GC heap after
Heap after GC invocations=6 (full 1):
 def new generation   total 8704K, used 0K [0x04400000, 0x04d70000, 0x09950000)
  eden space 7744K,   0% used [0x04400000, 0x04400000, 0x04b90000)
  from space 960K,   0% used [0x04b90000, 0x04b90000, 0x04c80000)
  to   space 960K,   0% used [0x04c80000, 0x04c80000, 0x04d70000)
 tenured generation   total 19276K, used 11563K [0x09950000, 0x0ac23000, 0x14400000)
   the space 19276K,  59% used [0x09950000, 0x0a49add8, 0x0a49ae00, 0x0ac23000)
 Metaspace       used 1270K, capacity 2580K, committed 2624K, reserved 4480K
}
Event: 11.541 GC heap before
{Heap before GC invocations=6 (full 1):
 def new generation   total 8704K, used 7744K [0x04400000, 0x04d70000, 0x09950000)
  eden space 7744K, 100% used [0x04400000, 0x04b90000, 0x04b90000)
  from space 960K,   0% used [0x04b90000, 0x04b90000, 0x04c80000)
  to   space 960K,   0% used [0x04c80000, 0x04c80000, 0x04d70000)
 tenured generation   total 19276K, used 11563K [0x09950000, 0x0ac23000, 0x14400000)
   the space 19276K,  59% used [0x09950000, 0x0a49add8, 0x0a49ae00, 0x0ac23000)
 Metaspace       used 2524K, capacity 2753K, committed 2880K, reserved 4480K
Event: 11.545 GC heap after
Heap after GC invocations=7 (full 1):
 def new generation   total 8704K, used 960K [0x04400000, 0x04d70000, 0x09950000)
  eden space 7744K,   0% used [0x04400000, 0x04400000, 0x04b90000)
  from space 960K, 100% used [0x04c80000, 0x04d70000, 0x04d70000)
  to   space 960K,   0% used [0x04b90000, 0x04b90000, 0x04c80000)
 tenured generation   total 19276K, used 11686K [0x09950000, 0x0ac23000, 0x14400000)
   the space 19276K,  60% used [0x09950000, 0x0a4b9b78, 0x0a4b9c00, 0x0ac23000)
 Metaspace       used 2524K, capacity 2753K, committed 2880K, reserved 4480K
}
Event: 11.784 GC heap before
{Heap before GC invocations=7 (full 1):
 def new generation   total 8704K, used 8704K [0x04400000, 0x04d70000, 0x09950000)
  eden space 7744K, 100% used [0x04400000, 0x04b90000, 0x04b90000)
  from space 960K, 100% used [0x04c80000, 0x04d70000, 0x04d70000)
  to   space 960K,   0% used [0x04b90000, 0x04b90000, 0x04c80000)
 tenured generation   total 19276K, used 11686K [0x09950000, 0x0ac23000, 0x14400000)
   the space 19276K,  60% used [0x09950000, 0x0a4b9b78, 0x0a4b9c00, 0x0ac23000)
 Metaspace       used 3050K, capacity 3289K, committed 3392K, reserved 4480K
Event: 11.788 GC heap after
Heap after GC invocations=8 (full 1):
 def new generation   total 8704K, used 960K [0x04400000, 0x04d70000, 0x09950000)
  eden space 7744K,   0% used [0x04400000, 0x04400000, 0x04b90000)
  from space 960K, 100% used [0x04b90000, 0x04c80000, 0x04c80000)
  to   space 960K,   0% used [0x04c80000, 0x04c80000, 0x04d70000)
 tenured generation   total 19276K, used 12656K [0x09950000, 0x0ac23000, 0x14400000)
   the space 19276K,  65% used [0x09950000, 0x0a5ac128, 0x0a5ac200, 0x0ac23000)
 Metaspace       used 3050K, capacity 3289K, committed 3392K, reserved 4480K
}
Event: 12.159 GC heap before
{Heap before GC invocations=8 (full 1):
 def new generation   total 8704K, used 8704K [0x04400000, 0x04d70000, 0x09950000)
  eden space 7744K, 100% used [0x04400000, 0x04b90000, 0x04b90000)
  from space 960K, 100% used [0x04b90000, 0x04c80000, 0x04c80000)
  to   space 960K,   0% used [0x04c80000, 0x04c80000, 0x04d70000)
 tenured generation   total 19276K, used 12656K [0x09950000, 0x0ac23000, 0x14400000)
   the space 19276K,  65% used [0x09950000, 0x0a5ac128, 0x0a5ac200, 0x0ac23000)
 Metaspace       used 3822K, capacity 4033K, committed 4160K, reserved 4480K
Event: 12.164 GC heap after
Heap after GC invocations=9 (full 1):
 def new generation   total 8704K, used 959K [0x04400000, 0x04d70000, 0x09950000)
  eden space 7744K,   0% used [0x04400000, 0x04400000, 0x04b90000)
  from space 960K,  99% used [0x04c80000, 0x04d6fff8, 0x04d70000)
  to   space 960K,   0% used [0x04b90000, 0x04b90000, 0x04c80000)
 tenured generation   total 19276K, used 14514K [0x09950000, 0x0ac23000, 0x14400000)
   the space 19276K,  75% used [0x09950000, 0x0a77cae8, 0x0a77cc00, 0x0ac23000)
 Metaspace       used 3822K, capacity 4033K, committed 4160K, reserved 4480K
}
Event: 14.584 GC heap before
{Heap before GC invocations=9 (full 1):
 def new generation   total 8704K, used 8703K [0x04400000, 0x04d70000, 0x09950000)
  eden space 7744K, 100% used [0x04400000, 0x04b90000, 0x04b90000)
  from space 960K,  99% used [0x04c80000, 0x04d6fff8, 0x04d70000)
  to   space 960K,   0% used [0x04b90000, 0x04b90000, 0x04c80000)
 tenured generation   total 19276K, used 14514K [0x09950000, 0x0ac23000, 0x14400000)
   the space 19276K,  75% used [0x09950000, 0x0a77cae8, 0x0a77cc00, 0x0ac23000)
 Metaspace       used 4334K, capacity 4547K, committed 4608K, reserved 5504K
Event: 14.597 GC heap after
Heap after GC invocations=10 (full 1):
 def new generation   total 8704K, used 960K [0x04400000, 0x04d70000, 0x09950000)
  eden space 7744K,   0% used [0x04400000, 0x04400000, 0x04b90000)
  from space 960K, 100% used [0x04b90000, 0x04c80000, 0x04c80000)
  to   space 960K,   0% used [0x04c80000, 0x04c80000, 0x04d70000)
 tenured generation   total 19276K, used 18311K [0x09950000, 0x0ac23000, 0x14400000)
   the space 19276K,  94% used [0x09950000, 0x0ab31fc8, 0x0ab32000, 0x0ac23000)
 Metaspace       used 4334K, capacity 4547K, committed 4608K, reserved 5504K
}

