# JRE version: Java(TM) SE Runtime Environment (8.0_191-b12) (build 1.8.0_191-b12)
# Java VM: Java HotSpot(TM) Client VM (25.191-b12 mixed mode windows-x86 )
Heap:
 def new generation   total 13184K, used 4821K [0x04c00000, 0x05a40000, 0x0a150000)
  eden space 11776K,  40% used [0x04c00000, 0x050b5758, 0x05780000)
  from space 1408K,   0% used [0x05780000, 0x05780000, 0x058e0000)
  to   space 1408K,   0% used [0x058e0000, 0x058e0000, 0x05a40000)
 tenured generation   total 29156K, used 17493K [0x0a150000, 0x0bdc9000, 0x14c00000)
   the space 29156K,  59% used [0x0a150000, 0x0b265508, 0x0b265600, 0x0bdc9000)
 Metaspace       used 12163K, capacity 12381K, committed 12544K, reserved 12672K
GC Heap History (10 events):
Event: 8.572 GC heap before
{Heap before GC invocations=5 (full 0):
 def new generation   total 4928K, used 4541K [0x04c00000, 0x05150000, 0x0a150000)
  eden space 4416K, 100% used [0x04c00000, 0x05050000, 0x05050000)
  from space 512K,  24% used [0x050d0000, 0x050ef4d0, 0x05150000)
  to   space 512K,   0% used [0x05050000, 0x05050000, 0x050d0000)
 tenured generation   total 10944K, used 8278K [0x0a150000, 0x0ac00000, 0x14c00000)
   the space 10944K,  75% used [0x0a150000, 0x0a9658a8, 0x0a965a00, 0x0ac00000)
 Metaspace       used 8353K, capacity 8540K, committed 8704K, reserved 9600K
Event: 8.605 GC heap after
Heap after GC invocations=6 (full 1):
 def new generation   total 8640K, used 0K [0x04c00000, 0x05560000, 0x0a150000)
  eden space 7680K,   0% used [0x04c00000, 0x04c00000, 0x05380000)
  from space 960K,   0% used [0x05380000, 0x05380000, 0x05470000)
  to   space 960K,   0% used [0x05470000, 0x05470000, 0x05560000)
 tenured generation   total 19152K, used 11490K [0x0a150000, 0x0b404000, 0x14c00000)
   the space 19152K,  59% used [0x0a150000, 0x0ac88920, 0x0ac88a00, 0x0b404000)
 Metaspace       used 8353K, capacity 8540K, committed 8704K, reserved 9600K
}
Event: 11.441 GC heap before
{Heap before GC invocations=6 (full 1):
 def new generation   total 8640K, used 7680K [0x04c00000, 0x05560000, 0x0a150000)
  eden space 7680K, 100% used [0x04c00000, 0x05380000, 0x05380000)
  from space 960K,   0% used [0x05380000, 0x05380000, 0x05470000)
  to   space 960K,   0% used [0x05470000, 0x05470000, 0x05560000)
 tenured generation   total 19152K, used 11490K [0x0a150000, 0x0b404000, 0x14c00000)
   the space 19152K,  59% used [0x0a150000, 0x0ac88920, 0x0ac88a00, 0x0b404000)
 Metaspace       used 10582K, capacity 10766K, committed 10880K, reserved 11648K
Event: 11.446 GC heap after
Heap after GC invocations=7 (full 1):
 def new generation   total 8640K, used 960K [0x04c00000, 0x05560000, 0x0a150000)
  eden space 7680K,   0% used [0x04c00000, 0x04c00000, 0x05380000)
  from space 960K, 100% used [0x05470000, 0x05560000, 0x05560000)
  to   space 960K,   0% used [0x05380000, 0x05380000, 0x05470000)
 tenured generation   total 19152K, used 12120K [0x0a150000, 0x0b404000, 0x14c00000)
   the space 19152K,  63% used [0x0a150000, 0x0ad26350, 0x0ad26400, 0x0b404000)
 Metaspace       used 10582K, capacity 10766K, committed 10880K, reserved 11648K
}
Event: 11.532 GC heap before
{Heap before GC invocations=7 (full 1):
 def new generation   total 8640K, used 8640K [0x04c00000, 0x05560000, 0x0a150000)
  eden space 7680K, 100% used [0x04c00000, 0x05380000, 0x05380000)
  from space 960K, 100% used [0x05470000, 0x05560000, 0x05560000)
  to   space 960K,   0% used [0x05380000, 0x05380000, 0x05470000)
 tenured generation   total 19152K, used 12120K [0x0a150000, 0x0b404000, 0x14c00000)
   the space 19152K,  63% used [0x0a150000, 0x0ad26350, 0x0ad26400, 0x0b404000)
 Metaspace       used 11009K, capacity 11236K, committed 11392K, reserved 11648K
Event: 11.536 GC heap after
Heap after GC invocations=8 (full 1):
 def new generation   total 8640K, used 960K [0x04c00000, 0x05560000, 0x0a150000)
  eden space 7680K,   0% used [0x04c00000, 0x04c00000, 0x05380000)
  from space 960K, 100% used [0x05380000, 0x05470000, 0x05470000)
  to   space 960K,   0% used [0x05470000, 0x05470000, 0x05560000)
 tenured generation   total 19152K, used 13224K [0x0a150000, 0x0b404000, 0x14c00000)
   the space 19152K,  69% used [0x0a150000, 0x0ae3a008, 0x0ae3a200, 0x0b404000)
 Metaspace       used 11009K, capacity 11236K, committed 11392K, reserved 11648K
}
Event: 12.021 GC heap before
{Heap before GC invocations=8 (full 1):
 def new generation   total 8640K, used 8640K [0x04c00000, 0x05560000, 0x0a150000)
  eden space 7680K, 100% used [0x04c00000, 0x05380000, 0x05380000)
  from space 960K, 100% used [0x05380000, 0x05470000, 0x05470000)
  to   space 960K,   0% used [0x05470000, 0x05470000, 0x05560000)
 tenured generation   total 19152K, used 13224K [0x0a150000, 0x0b404000, 0x14c00000)
   the space 19152K,  69% used [0x0a150000, 0x0ae3a008, 0x0ae3a200, 0x0b404000)
 Metaspace       used 11702K, capacity 11913K, committed 12032K, reserved 12672K
Event: 12.037 GC heap after
Heap after GC invocations=9 (full 1):
 def new generation   total 8640K, used 960K [0x04c00000, 0x05560000, 0x0a150000)
  eden space 7680K,   0% used [0x04c00000, 0x04c00000, 0x05380000)
  from space 960K, 100% used [0x05470000, 0x05560000, 0x05560000)
  to   space 960K,   0% used [0x05380000, 0x05380000, 0x05470000)
 tenured generation   total 19152K, used 14869K [0x0a150000, 0x0b404000, 0x14c00000)
   the space 19152K,  77% used [0x0a150000, 0x0afd56a8, 0x0afd5800, 0x0b404000)
 Metaspace       used 11702K, capacity 11913K, committed 12032K, reserved 12672K
}
Event: 13.894 GC heap before
{Heap before GC invocations=9 (full 1):
 def new generation   total 8640K, used 8640K [0x04c00000, 0x05560000, 0x0a150000)
  eden space 7680K, 100% used [0x04c00000, 0x05380000, 0x05380000)
  from space 960K, 100% used [0x05470000, 0x05560000, 0x05560000)
  to   space 960K,   0% used [0x05380000, 0x05380000, 0x05470000)
 tenured generation   total 19152K, used 14869K [0x0a150000, 0x0b404000, 0x14c00000)
   the space 19152K,  77% used [0x0a150000, 0x0afd56a8, 0x0afd5800, 0x0b404000)
 Metaspace       used 12106K, capacity 12297K, committed 12416K, reserved 12672K
Event: 13.933 GC heap after
Heap after GC invocations=10 (full 2):
 def new generation   total 13184K, used 0K [0x04c00000, 0x05a40000, 0x0a150000)
  eden space 11776K,   0% used [0x04c00000, 0x04c00000, 0x05780000)
  from space 1408K,   0% used [0x05780000, 0x05780000, 0x058e0000)
  to   space 1408K,   0% used [0x058e0000, 0x058e0000, 0x05a40000)
 tenured generation   total 29156K, used 17493K [0x0a150000, 0x0bdc9000, 0x14c00000)
   the space 29156K,  59% used [0x0a150000, 0x0b265508, 0x0b265600, 0x0bdc9000)
 Metaspace       used 12101K, capacity 12285K, committed 12416K, reserved 12672K
}

