# JRE version: Java(TM) SE Runtime Environment (8.0_191-b12) (build 1.8.0_191-b12)
# Java VM: Java HotSpot(TM) Client VM (25.191-b12 mixed mode, sharing windows-x86 )
Heap:
 def new generation   total 13312K, used 4356K [0x04600000, 0x05470000, 0x09b50000)
  eden space 11840K,  36% used [0x04600000, 0x04a41030, 0x05190000)
  from space 1472K,   0% used [0x05190000, 0x05190000, 0x05300000)
  to   space 1472K,   0% used [0x05300000, 0x05300000, 0x05470000)
 tenured generation   total 29456K, used 17672K [0x09b50000, 0x0b814000, 0x14600000)
   the space 29456K,  59% used [0x09b50000, 0x0ac92288, 0x0ac92400, 0x0b814000)
 Metaspace       used 4384K, capacity 4602K, committed 4736K, reserved 5504K
GC Heap History (10 events):
Event: 2.536 GC heap before
{Heap before GC invocations=5 (full 0):
 def new generation   total 4928K, used 4555K [0x04600000, 0x04b50000, 0x09b50000)
  eden space 4416K, 100% used [0x04600000, 0x04a50000, 0x04a50000)
  from space 512K,  27% used [0x04ad0000, 0x04af2da0, 0x04b50000)
  to   space 512K,   0% used [0x04a50000, 0x04a50000, 0x04ad0000)
 tenured generation   total 10944K, used 8265K [0x09b50000, 0x0a600000, 0x14600000)
   the space 10944K,  75% used [0x09b50000, 0x0a362770, 0x0a362800, 0x0a600000)
 Metaspace       used 1268K, capacity 2580K, committed 2624K, reserved 4480K
Event: 2.549 GC heap after
Heap after GC invocations=6 (full 1):
 def new generation   total 8768K, used 0K [0x04600000, 0x04f80000, 0x09b50000)
  eden space 7808K,   0% used [0x04600000, 0x04600000, 0x04da0000)
  from space 960K,   0% used [0x04da0000, 0x04da0000, 0x04e90000)
  to   space 960K,   0% used [0x04e90000, 0x04e90000, 0x04f80000)
 tenured generation   total 19316K, used 11588K [0x09b50000, 0x0ae2d000, 0x14600000)
   the space 19316K,  59% used [0x09b50000, 0x0a6a1220, 0x0a6a1400, 0x0ae2d000)
 Metaspace       used 1268K, capacity 2580K, committed 2624K, reserved 4480K
}
Event: 5.359 GC heap before
{Heap before GC invocations=6 (full 1):
 def new generation   total 8768K, used 7808K [0x04600000, 0x04f80000, 0x09b50000)
  eden space 7808K, 100% used [0x04600000, 0x04da0000, 0x04da0000)
  from space 960K,   0% used [0x04da0000, 0x04da0000, 0x04e90000)
  to   space 960K,   0% used [0x04e90000, 0x04e90000, 0x04f80000)
 tenured generation   total 19316K, used 11588K [0x09b50000, 0x0ae2d000, 0x14600000)
   the space 19316K,  59% used [0x09b50000, 0x0a6a1220, 0x0a6a1400, 0x0ae2d000)
 Metaspace       used 2876K, capacity 3064K, committed 3136K, reserved 4480K
Event: 5.364 GC heap after
Heap after GC invocations=7 (full 1):
 def new generation   total 8768K, used 960K [0x04600000, 0x04f80000, 0x09b50000)
  eden space 7808K,   0% used [0x04600000, 0x04600000, 0x04da0000)
  from space 960K, 100% used [0x04e90000, 0x04f80000, 0x04f80000)
  to   space 960K,   0% used [0x04da0000, 0x04da0000, 0x04e90000)
 tenured generation   total 19316K, used 12189K [0x09b50000, 0x0ae2d000, 0x14600000)
   the space 19316K,  63% used [0x09b50000, 0x0a737450, 0x0a737600, 0x0ae2d000)
 Metaspace       used 2876K, capacity 3064K, committed 3136K, reserved 4480K
}
Event: 5.458 GC heap before
{Heap before GC invocations=7 (full 1):
 def new generation   total 8768K, used 8768K [0x04600000, 0x04f80000, 0x09b50000)
  eden space 7808K, 100% used [0x04600000, 0x04da0000, 0x04da0000)
  from space 960K, 100% used [0x04e90000, 0x04f80000, 0x04f80000)
  to   space 960K,   0% used [0x04da0000, 0x04da0000, 0x04e90000)
 tenured generation   total 19316K, used 12189K [0x09b50000, 0x0ae2d000, 0x14600000)
   the space 19316K,  63% used [0x09b50000, 0x0a737450, 0x0a737600, 0x0ae2d000)
 Metaspace       used 3396K, capacity 3652K, committed 3776K, reserved 4480K
Event: 5.463 GC heap after
Heap after GC invocations=8 (full 1):
 def new generation   total 8768K, used 959K [0x04600000, 0x04f80000, 0x09b50000)
  eden space 7808K,   0% used [0x04600000, 0x04600000, 0x04da0000)
  from space 960K,  99% used [0x04da0000, 0x04e8fff8, 0x04e90000)
  to   space 960K,   0% used [0x04e90000, 0x04e90000, 0x04f80000)
 tenured generation   total 19316K, used 13330K [0x09b50000, 0x0ae2d000, 0x14600000)
   the space 19316K,  69% used [0x09b50000, 0x0a854818, 0x0a854a00, 0x0ae2d000)
 Metaspace       used 3396K, capacity 3652K, committed 3776K, reserved 4480K
}
Event: 5.971 GC heap before
{Heap before GC invocations=8 (full 1):
 def new generation   total 8768K, used 8767K [0x04600000, 0x04f80000, 0x09b50000)
  eden space 7808K, 100% used [0x04600000, 0x04da0000, 0x04da0000)
  from space 960K,  99% used [0x04da0000, 0x04e8fff8, 0x04e90000)
  to   space 960K,   0% used [0x04e90000, 0x04e90000, 0x04f80000)
 tenured generation   total 19316K, used 13330K [0x09b50000, 0x0ae2d000, 0x14600000)
   the space 19316K,  69% used [0x09b50000, 0x0a854818, 0x0a854a00, 0x0ae2d000)
 Metaspace       used 4142K, capacity 4329K, committed 4416K, reserved 4480K
Event: 5.976 GC heap after
Heap after GC invocations=9 (full 1):
 def new generation   total 8768K, used 960K [0x04600000, 0x04f80000, 0x09b50000)
  eden space 7808K,   0% used [0x04600000, 0x04600000, 0x04da0000)
  from space 960K, 100% used [0x04e90000, 0x04f80000, 0x04f80000)
  to   space 960K,   0% used [0x04da0000, 0x04da0000, 0x04e90000)
 tenured generation   total 19316K, used 14939K [0x09b50000, 0x0ae2d000, 0x14600000)
   the space 19316K,  77% used [0x09b50000, 0x0a9e6ed0, 0x0a9e7000, 0x0ae2d000)
 Metaspace       used 4142K, capacity 4329K, committed 4416K, reserved 4480K
}
Event: 8.653 GC heap before
{Heap before GC invocations=9 (full 1):
 def new generation   total 8768K, used 8480K [0x04600000, 0x04f80000, 0x09b50000)
  eden space 7808K,  96% used [0x04600000, 0x04d58068, 0x04da0000)
  from space 960K, 100% used [0x04e90000, 0x04f80000, 0x04f80000)
  to   space 960K,   0% used [0x04da0000, 0x04da0000, 0x04e90000)
 tenured generation   total 19316K, used 14939K [0x09b50000, 0x0ae2d000, 0x14600000)
   the space 19316K,  77% used [0x09b50000, 0x0a9e6ed0, 0x0a9e7000, 0x0ae2d000)
 Metaspace       used 4325K, capacity 4521K, committed 4608K, reserved 5504K
Event: 8.700 GC heap after
Heap after GC invocations=10 (full 2):
 def new generation   total 13312K, used 0K [0x04600000, 0x05470000, 0x09b50000)
  eden space 11840K,   0% used [0x04600000, 0x04600000, 0x05190000)
  from space 1472K,   0% used [0x05190000, 0x05190000, 0x05300000)
  to   space 1472K,   0% used [0x05300000, 0x05300000, 0x05470000)
 tenured generation   total 29456K, used 17672K [0x09b50000, 0x0b814000, 0x14600000)
   the space 29456K,  59% used [0x09b50000, 0x0ac92288, 0x0ac92400, 0x0b814000)
 Metaspace       used 4319K, capacity 4506K, committed 4608K, reserved 5504K
}

