# JRE version: Java(TM) SE Runtime Environment (8.0_191-b12) (build 1.8.0_191-b12)
# Java VM: Java HotSpot(TM) Client VM (25.191-b12 mixed mode, sharing windows-x86 )
Heap:
 def new generation   total 8704K, used 6953K [0x04400000, 0x04d70000, 0x09950000)
  eden space 7744K,  77% used [0x04400000, 0x049da768, 0x04b90000)
  from space 960K, 100% used [0x04b90000, 0x04c80000, 0x04c80000)
  to   space 960K,   0% used [0x04c80000, 0x04c80000, 0x04d70000)
 tenured generation   total 19276K, used 18531K [0x09950000, 0x0ac23000, 0x14400000)
   the space 19276K,  96% used [0x09950000, 0x0ab68cb8, 0x0ab68e00, 0x0ac23000)
 Metaspace       used 4405K, capacity 4611K, committed 4736K, reserved 5504K
GC Heap History (10 events):
Event: 2.446 GC heap before
{Heap before GC invocations=5 (full 0):
 def new generation   total 4928K, used 4555K [0x04400000, 0x04950000, 0x09950000)
  eden space 4416K, 100% used [0x04400000, 0x04850000, 0x04850000)
  from space 512K,  27% used [0x048d0000, 0x048f2d58, 0x04950000)
  to   space 512K,   0% used [0x04850000, 0x04850000, 0x048d0000)
 tenured generation   total 10944K, used 8266K [0x09950000, 0x0a400000, 0x14400000)
   the space 10944K,  75% used [0x09950000, 0x0a1629f8, 0x0a162a00, 0x0a400000)
 Metaspace       used 1270K, capacity 2580K, committed 2624K, reserved 4480K
Event: 2.476 GC heap after
Heap after GC invocations=6 (full 1):
 def new generation   total 8704K, used 0K [0x04400000, 0x04d70000, 0x09950000)
  eden space 7744K,   0% used [0x04400000, 0x04400000, 0x04b90000)
  from space 960K,   0% used [0x04b90000, 0x04b90000, 0x04c80000)
  to   space 960K,   0% used [0x04c80000, 0x04c80000, 0x04d70000)
 tenured generation   total 19276K, used 11565K [0x09950000, 0x0ac23000, 0x14400000)
   the space 19276K,  59% used [0x09950000, 0x0a49b410, 0x0a49b600, 0x0ac23000)
 Metaspace       used 1270K, capacity 2580K, committed 2624K, reserved 4480K
}
Event: 10.523 GC heap before
{Heap before GC invocations=6 (full 1):
 def new generation   total 8704K, used 7744K [0x04400000, 0x04d70000, 0x09950000)
  eden space 7744K, 100% used [0x04400000, 0x04b90000, 0x04b90000)
  from space 960K,   0% used [0x04b90000, 0x04b90000, 0x04c80000)
  to   space 960K,   0% used [0x04c80000, 0x04c80000, 0x04d70000)
 tenured generation   total 19276K, used 11565K [0x09950000, 0x0ac23000, 0x14400000)
   the space 19276K,  59% used [0x09950000, 0x0a49b410, 0x0a49b600, 0x0ac23000)
 Metaspace       used 2526K, capacity 2753K, committed 2880K, reserved 4480K
Event: 10.526 GC heap after
Heap after GC invocations=7 (full 1):
 def new generation   total 8704K, used 960K [0x04400000, 0x04d70000, 0x09950000)
  eden space 7744K,   0% used [0x04400000, 0x04400000, 0x04b90000)
  from space 960K, 100% used [0x04c80000, 0x04d70000, 0x04d70000)
  to   space 960K,   0% used [0x04b90000, 0x04b90000, 0x04c80000)
 tenured generation   total 19276K, used 11739K [0x09950000, 0x0ac23000, 0x14400000)
   the space 19276K,  60% used [0x09950000, 0x0a4c6e48, 0x0a4c7000, 0x0ac23000)
 Metaspace       used 2526K, capacity 2753K, committed 2880K, reserved 4480K
}
Event: 10.765 GC heap before
{Heap before GC invocations=7 (full 1):
 def new generation   total 8704K, used 8704K [0x04400000, 0x04d70000, 0x09950000)
  eden space 7744K, 100% used [0x04400000, 0x04b90000, 0x04b90000)
  from space 960K, 100% used [0x04c80000, 0x04d70000, 0x04d70000)
  to   space 960K,   0% used [0x04b90000, 0x04b90000, 0x04c80000)
 tenured generation   total 19276K, used 11739K [0x09950000, 0x0ac23000, 0x14400000)
   the space 19276K,  60% used [0x09950000, 0x0a4c6e48, 0x0a4c7000, 0x0ac23000)
 Metaspace       used 3074K, capacity 3321K, committed 3392K, reserved 4480K
Event: 10.769 GC heap after
Heap after GC invocations=8 (full 1):
 def new generation   total 8704K, used 960K [0x04400000, 0x04d70000, 0x09950000)
  eden space 7744K,   0% used [0x04400000, 0x04400000, 0x04b90000)
  from space 960K, 100% used [0x04b90000, 0x04c80000, 0x04c80000)
  to   space 960K,   0% used [0x04c80000, 0x04c80000, 0x04d70000)
 tenured generation   total 19276K, used 12757K [0x09950000, 0x0ac23000, 0x14400000)
   the space 19276K,  66% used [0x09950000, 0x0a5c55b0, 0x0a5c5600, 0x0ac23000)
 Metaspace       used 3074K, capacity 3321K, committed 3392K, reserved 4480K
}
Event: 11.215 GC heap before
{Heap before GC invocations=8 (full 1):
 def new generation   total 8704K, used 8704K [0x04400000, 0x04d70000, 0x09950000)
  eden space 7744K, 100% used [0x04400000, 0x04b90000, 0x04b90000)
  from space 960K, 100% used [0x04b90000, 0x04c80000, 0x04c80000)
  to   space 960K,   0% used [0x04c80000, 0x04c80000, 0x04d70000)
 tenured generation   total 19276K, used 12757K [0x09950000, 0x0ac23000, 0x14400000)
   the space 19276K,  66% used [0x09950000, 0x0a5c55b0, 0x0a5c5600, 0x0ac23000)
 Metaspace       used 3827K, capacity 4065K, committed 4160K, reserved 4480K
Event: 11.220 GC heap after
Heap after GC invocations=9 (full 1):
 def new generation   total 8704K, used 959K [0x04400000, 0x04d70000, 0x09950000)
  eden space 7744K,   0% used [0x04400000, 0x04400000, 0x04b90000)
  from space 960K,  99% used [0x04c80000, 0x04d6fff8, 0x04d70000)
  to   space 960K,   0% used [0x04b90000, 0x04b90000, 0x04c80000)
 tenured generation   total 19276K, used 14577K [0x09950000, 0x0ac23000, 0x14400000)
   the space 19276K,  75% used [0x09950000, 0x0a78c668, 0x0a78c800, 0x0ac23000)
 Metaspace       used 3827K, capacity 4065K, committed 4160K, reserved 4480K
}
Event: 13.942 GC heap before
{Heap before GC invocations=9 (full 1):
 def new generation   total 8704K, used 8703K [0x04400000, 0x04d70000, 0x09950000)
  eden space 7744K, 100% used [0x04400000, 0x04b90000, 0x04b90000)
  from space 960K,  99% used [0x04c80000, 0x04d6fff8, 0x04d70000)
  to   space 960K,   0% used [0x04b90000, 0x04b90000, 0x04c80000)
 tenured generation   total 19276K, used 14577K [0x09950000, 0x0ac23000, 0x14400000)
   the space 19276K,  75% used [0x09950000, 0x0a78c668, 0x0a78c800, 0x0ac23000)
 Metaspace       used 4341K, capacity 4579K, committed 4608K, reserved 5504K
Event: 13.955 GC heap after
Heap after GC invocations=10 (full 1):
 def new generation   total 8704K, used 960K [0x04400000, 0x04d70000, 0x09950000)
  eden space 7744K,   0% used [0x04400000, 0x04400000, 0x04b90000)
  from space 960K, 100% used [0x04b90000, 0x04c80000, 0x04c80000)
  to   space 960K,   0% used [0x04c80000, 0x04c80000, 0x04d70000)
 tenured generation   total 19276K, used 18531K [0x09950000, 0x0ac23000, 0x14400000)
   the space 19276K,  96% used [0x09950000, 0x0ab68cb8, 0x0ab68e00, 0x0ac23000)
 Metaspace       used 4341K, capacity 4579K, committed 4608K, reserved 5504K
}

