# JRE version: Java(TM) SE Runtime Environment (8.0_191-b12) (build 1.8.0_191-b12)
# Java VM: Java HotSpot(TM) Client VM (25.191-b12 mixed mode windows-x86 )
Heap:
 def new generation   total 78656K, used 39095K [0x04e00000, 0x0a350000, 0x0a350000)
  eden space 69952K,  43% used [0x04e00000, 0x06badf68, 0x09250000)
  from space 8704K, 100% used [0x09ad0000, 0x0a350000, 0x0a350000)
  to   space 8704K,   0% used [0x09250000, 0x09250000, 0x09ad0000)
 tenured generation   total 174784K, used 149651K [0x0a350000, 0x14e00000, 0x14e00000)
   the space 174784K,  85% used [0x0a350000, 0x13574f58, 0x13575000, 0x14e00000)
 Metaspace       used 12231K, capacity 12413K, committed 12544K, reserved 12672K
GC Heap History (10 events):
Event: 27.083 GC heap before
{Heap before GC invocations=16 (full 3):
 def new generation   total 24320K, used 21632K [0x04e00000, 0x06860000, 0x0a350000)
  eden space 21632K, 100% used [0x04e00000, 0x06320000, 0x06320000)
  from space 2688K,   0% used [0x06320000, 0x06320000, 0x065c0000)
  to   space 2688K,   0% used [0x065c0000, 0x065c0000, 0x06860000)
 tenured generation   total 53984K, used 32388K [0x0a350000, 0x0d808000, 0x14e00000)
   the space 53984K,  59% used [0x0a350000, 0x0c2f1308, 0x0c2f1400, 0x0d808000)
 Metaspace       used 12172K, capacity 12381K, committed 12544K, reserved 12672K
Event: 27.117 GC heap after
Heap after GC invocations=17 (full 3):
 def new generation   total 24320K, used 2687K [0x04e00000, 0x06860000, 0x0a350000)
  eden space 21632K,   0% used [0x04e00000, 0x04e00000, 0x06320000)
  from space 2688K,  99% used [0x065c0000, 0x0685fff8, 0x06860000)
  to   space 2688K,   0% used [0x06320000, 0x06320000, 0x065c0000)
 tenured generation   total 53984K, used 44555K [0x0a350000, 0x0d808000, 0x14e00000)
   the space 53984K,  82% used [0x0a350000, 0x0ced2f68, 0x0ced3000, 0x0d808000)
 Metaspace       used 12172K, capacity 12381K, committed 12544K, reserved 12672K
}
Event: 27.136 GC heap before
{Heap before GC invocations=17 (full 3):
 def new generation   total 24320K, used 24319K [0x04e00000, 0x06860000, 0x0a350000)
  eden space 21632K, 100% used [0x04e00000, 0x06320000, 0x06320000)
  from space 2688K,  99% used [0x065c0000, 0x0685fff8, 0x06860000)
  to   space 2688K,   0% used [0x06320000, 0x06320000, 0x065c0000)
 tenured generation   total 53984K, used 44555K [0x0a350000, 0x0d808000, 0x14e00000)
   the space 53984K,  82% used [0x0a350000, 0x0ced2f68, 0x0ced3000, 0x0d808000)
 Metaspace       used 12172K, capacity 12381K, committed 12544K, reserved 12672K
Event: 27.259 GC heap after
Heap after GC invocations=18 (full 4):
 def new generation   total 44032K, used 1068K [0x04e00000, 0x07dc0000, 0x0a350000)
  eden space 39168K,   2% used [0x04e00000, 0x04f0b0c0, 0x07440000)
  from space 4864K,   0% used [0x07440000, 0x07440000, 0x07900000)
  to   space 4864K,   0% used [0x07900000, 0x07900000, 0x07dc0000)
 tenured generation   total 97656K, used 58591K [0x0a350000, 0x102ae000, 0x14e00000)
   the space 97656K,  59% used [0x0a350000, 0x0dc87ff0, 0x0dc88000, 0x102ae000)
 Metaspace       used 12172K, capacity 12381K, committed 12544K, reserved 12672K
}
Event: 27.295 GC heap before
{Heap before GC invocations=18 (full 4):
 def new generation   total 44032K, used 39168K [0x04e00000, 0x07dc0000, 0x0a350000)
  eden space 39168K, 100% used [0x04e00000, 0x07440000, 0x07440000)
  from space 4864K,   0% used [0x07440000, 0x07440000, 0x07900000)
  to   space 4864K,   0% used [0x07900000, 0x07900000, 0x07dc0000)
 tenured generation   total 97656K, used 58591K [0x0a350000, 0x102ae000, 0x14e00000)
   the space 97656K,  59% used [0x0a350000, 0x0dc87ff0, 0x0dc88000, 0x102ae000)
 Metaspace       used 12172K, capacity 12381K, committed 12544K, reserved 12672K
Event: 27.368 GC heap after
Heap after GC invocations=19 (full 4):
 def new generation   total 44032K, used 4863K [0x04e00000, 0x07dc0000, 0x0a350000)
  eden space 39168K,   0% used [0x04e00000, 0x04e00000, 0x07440000)
  from space 4864K,  99% used [0x07900000, 0x07dbfff8, 0x07dc0000)
  to   space 4864K,   0% used [0x07440000, 0x07440000, 0x07900000)
 tenured generation   total 97656K, used 81941K [0x0a350000, 0x102ae000, 0x14e00000)
   the space 97656K,  83% used [0x0a350000, 0x0f3557e0, 0x0f355800, 0x102ae000)
 Metaspace       used 12172K, capacity 12381K, committed 12544K, reserved 12672K
}
Event: 27.401 GC heap before
{Heap before GC invocations=19 (full 4):
 def new generation   total 44032K, used 44031K [0x04e00000, 0x07dc0000, 0x0a350000)
  eden space 39168K, 100% used [0x04e00000, 0x07440000, 0x07440000)
  from space 4864K,  99% used [0x07900000, 0x07dbfff8, 0x07dc0000)
  to   space 4864K,   0% used [0x07440000, 0x07440000, 0x07900000)
 tenured generation   total 97656K, used 81941K [0x0a350000, 0x102ae000, 0x14e00000)
   the space 97656K,  83% used [0x0a350000, 0x0f3557e0, 0x0f355800, 0x102ae000)
 Metaspace       used 12172K, capacity 12381K, committed 12544K, reserved 12672K
Event: 27.591 GC heap after
Heap after GC invocations=20 (full 5):
 def new generation   total 78656K, used 4831K [0x04e00000, 0x0a350000, 0x0a350000)
  eden space 69952K,   6% used [0x04e00000, 0x052b7fa8, 0x09250000)
  from space 8704K,   0% used [0x09250000, 0x09250000, 0x09ad0000)
  to   space 8704K,   0% used [0x09ad0000, 0x09ad0000, 0x0a350000)
 tenured generation   total 174784K, used 109943K [0x0a350000, 0x14e00000, 0x14e00000)
   the space 174784K,  62% used [0x0a350000, 0x10eadff0, 0x10eae000, 0x14e00000)
 Metaspace       used 12172K, capacity 12381K, committed 12544K, reserved 12672K
}
Event: 27.652 GC heap before
{Heap before GC invocations=20 (full 5):
 def new generation   total 78656K, used 69952K [0x04e00000, 0x0a350000, 0x0a350000)
  eden space 69952K, 100% used [0x04e00000, 0x09250000, 0x09250000)
  from space 8704K,   0% used [0x09250000, 0x09250000, 0x09ad0000)
  to   space 8704K,   0% used [0x09ad0000, 0x09ad0000, 0x0a350000)
 tenured generation   total 174784K, used 109943K [0x0a350000, 0x14e00000, 0x14e00000)
   the space 174784K,  62% used [0x0a350000, 0x10eadff0, 0x10eae000, 0x14e00000)
 Metaspace       used 12172K, capacity 12381K, committed 12544K, reserved 12672K
Event: 27.772 GC heap after
Heap after GC invocations=21 (full 5):
 def new generation   total 78656K, used 8704K [0x04e00000, 0x0a350000, 0x0a350000)
  eden space 69952K,   0% used [0x04e00000, 0x04e00000, 0x09250000)
  from space 8704K, 100% used [0x09ad0000, 0x0a350000, 0x0a350000)
  to   space 8704K,   0% used [0x09250000, 0x09250000, 0x09ad0000)
 tenured generation   total 174784K, used 149651K [0x0a350000, 0x14e00000, 0x14e00000)
   the space 174784K,  85% used [0x0a350000, 0x13574f58, 0x13575000, 0x14e00000)
 Metaspace       used 12172K, capacity 12381K, committed 12544K, reserved 12672K
}

