# JRE version: Java(TM) SE Runtime Environment (8.0_191-b12) (build 1.8.0_191-b12)
# Java VM: Java HotSpot(TM) Client VM (25.191-b12 mixed mode windows-x86 )
Heap:
 def new generation   total 13440K, used 4241K [0x04a00000, 0x05890000, 0x09f50000)
  eden space 11968K,  35% used [0x04a00000, 0x04e245d0, 0x055b0000)
  from space 1472K,   0% used [0x055b0000, 0x055b0000, 0x05720000)
  to   space 1472K,   0% used [0x05720000, 0x05720000, 0x05890000)
 tenured generation   total 29676K, used 17803K [0x09f50000, 0x0bc4b000, 0x14a00000)
   the space 29676K,  59% used [0x09f50000, 0x0b0b2eb8, 0x0b0b3000, 0x0bc4b000)
 Metaspace       used 12169K, capacity 12381K, committed 12544K, reserved 12672K
GC Heap History (10 events):
Event: 2.365 GC heap before
{Heap before GC invocations=5 (full 0):
 def new generation   total 4928K, used 4541K [0x04a00000, 0x04f50000, 0x09f50000)
  eden space 4416K, 100% used [0x04a00000, 0x04e50000, 0x04e50000)
  from space 512K,  24% used [0x04ed0000, 0x04eef4f8, 0x04f50000)
  to   space 512K,   0% used [0x04e50000, 0x04e50000, 0x04ed0000)
 tenured generation   total 10944K, used 8278K [0x09f50000, 0x0aa00000, 0x14a00000)
   the space 10944K,  75% used [0x09f50000, 0x0a765878, 0x0a765a00, 0x0aa00000)
 Metaspace       used 8350K, capacity 8540K, committed 8704K, reserved 9600K
Event: 2.386 GC heap after
Heap after GC invocations=6 (full 1):
 def new generation   total 8704K, used 0K [0x04a00000, 0x05370000, 0x09f50000)
  eden space 7744K,   0% used [0x04a00000, 0x04a00000, 0x05190000)
  from space 960K,   0% used [0x05190000, 0x05190000, 0x05280000)
  to   space 960K,   0% used [0x05280000, 0x05280000, 0x05370000)
 tenured generation   total 19268K, used 11560K [0x09f50000, 0x0b221000, 0x14a00000)
   the space 19268K,  59% used [0x09f50000, 0x0aa9a1a0, 0x0aa9a200, 0x0b221000)
 Metaspace       used 8350K, capacity 8540K, committed 8704K, reserved 9600K
}
Event: 4.606 GC heap before
{Heap before GC invocations=6 (full 1):
 def new generation   total 8704K, used 7744K [0x04a00000, 0x05370000, 0x09f50000)
  eden space 7744K, 100% used [0x04a00000, 0x05190000, 0x05190000)
  from space 960K,   0% used [0x05190000, 0x05190000, 0x05280000)
  to   space 960K,   0% used [0x05280000, 0x05280000, 0x05370000)
 tenured generation   total 19268K, used 11560K [0x09f50000, 0x0b221000, 0x14a00000)
   the space 19268K,  59% used [0x09f50000, 0x0aa9a1a0, 0x0aa9a200, 0x0b221000)
 Metaspace       used 10591K, capacity 10776K, committed 10880K, reserved 11648K
Event: 4.611 GC heap after
Heap after GC invocations=7 (full 1):
 def new generation   total 8704K, used 960K [0x04a00000, 0x05370000, 0x09f50000)
  eden space 7744K,   0% used [0x04a00000, 0x04a00000, 0x05190000)
  from space 960K, 100% used [0x05280000, 0x05370000, 0x05370000)
  to   space 960K,   0% used [0x05190000, 0x05190000, 0x05280000)
 tenured generation   total 19268K, used 12189K [0x09f50000, 0x0b221000, 0x14a00000)
   the space 19268K,  63% used [0x09f50000, 0x0ab37440, 0x0ab37600, 0x0b221000)
 Metaspace       used 10591K, capacity 10776K, committed 10880K, reserved 11648K
}
Event: 4.711 GC heap before
{Heap before GC invocations=7 (full 1):
 def new generation   total 8704K, used 8704K [0x04a00000, 0x05370000, 0x09f50000)
  eden space 7744K, 100% used [0x04a00000, 0x05190000, 0x05190000)
  from space 960K, 100% used [0x05280000, 0x05370000, 0x05370000)
  to   space 960K,   0% used [0x05190000, 0x05190000, 0x05280000)
 tenured generation   total 19268K, used 12189K [0x09f50000, 0x0b221000, 0x14a00000)
   the space 19268K,  63% used [0x09f50000, 0x0ab37440, 0x0ab37600, 0x0b221000)
 Metaspace       used 11140K, capacity 11364K, committed 11520K, reserved 11648K
Event: 4.715 GC heap after
Heap after GC invocations=8 (full 1):
 def new generation   total 8704K, used 960K [0x04a00000, 0x05370000, 0x09f50000)
  eden space 7744K,   0% used [0x04a00000, 0x04a00000, 0x05190000)
  from space 960K, 100% used [0x05190000, 0x05280000, 0x05280000)
  to   space 960K,   0% used [0x05280000, 0x05280000, 0x05370000)
 tenured generation   total 19268K, used 13317K [0x09f50000, 0x0b221000, 0x14a00000)
   the space 19268K,  69% used [0x09f50000, 0x0ac51638, 0x0ac51800, 0x0b221000)
 Metaspace       used 11140K, capacity 11364K, committed 11520K, reserved 11648K
}
Event: 5.231 GC heap before
{Heap before GC invocations=8 (full 1):
 def new generation   total 8704K, used 8704K [0x04a00000, 0x05370000, 0x09f50000)
  eden space 7744K, 100% used [0x04a00000, 0x05190000, 0x05190000)
  from space 960K, 100% used [0x05190000, 0x05280000, 0x05280000)
  to   space 960K,   0% used [0x05280000, 0x05280000, 0x05370000)
 tenured generation   total 19268K, used 13317K [0x09f50000, 0x0b221000, 0x14a00000)
   the space 19268K,  69% used [0x09f50000, 0x0ac51638, 0x0ac51800, 0x0b221000)
 Metaspace       used 11922K, capacity 12137K, committed 12288K, reserved 12672K
Event: 5.235 GC heap after
Heap after GC invocations=9 (full 1):
 def new generation   total 8704K, used 960K [0x04a00000, 0x05370000, 0x09f50000)
  eden space 7744K,   0% used [0x04a00000, 0x04a00000, 0x05190000)
  from space 960K, 100% used [0x05280000, 0x05370000, 0x05370000)
  to   space 960K,   0% used [0x05190000, 0x05190000, 0x05280000)
 tenured generation   total 19268K, used 14871K [0x09f50000, 0x0b221000, 0x14a00000)
   the space 19268K,  77% used [0x09f50000, 0x0add5d50, 0x0add5e00, 0x0b221000)
 Metaspace       used 11922K, capacity 12137K, committed 12288K, reserved 12672K
}
Event: 7.714 GC heap before
{Heap before GC invocations=9 (full 1):
 def new generation   total 8704K, used 8599K [0x04a00000, 0x05370000, 0x09f50000)
  eden space 7744K,  98% used [0x04a00000, 0x05175ff0, 0x05190000)
  from space 960K, 100% used [0x05280000, 0x05370000, 0x05370000)
  to   space 960K,   0% used [0x05190000, 0x05190000, 0x05280000)
 tenured generation   total 19268K, used 14871K [0x09f50000, 0x0b221000, 0x14a00000)
   the space 19268K,  77% used [0x09f50000, 0x0add5d50, 0x0add5e00, 0x0b221000)
 Metaspace       used 12109K, capacity 12329K, committed 12416K, reserved 12672K
Event: 7.766 GC heap after
Heap after GC invocations=10 (full 2):
 def new generation   total 13440K, used 0K [0x04a00000, 0x05890000, 0x09f50000)
  eden space 11968K,   0% used [0x04a00000, 0x04a00000, 0x055b0000)
  from space 1472K,   0% used [0x055b0000, 0x055b0000, 0x05720000)
  to   space 1472K,   0% used [0x05720000, 0x05720000, 0x05890000)
 tenured generation   total 29676K, used 17803K [0x09f50000, 0x0bc4b000, 0x14a00000)
   the space 29676K,  59% used [0x09f50000, 0x0b0b2eb8, 0x0b0b3000, 0x0bc4b000)
 Metaspace       used 12105K, capacity 12317K, committed 12416K, reserved 12672K
}

