# JRE version: Java(TM) SE Runtime Environment (8.0_191-b12) (build 1.8.0_191-b12)
# Java VM: Java HotSpot(TM) Client VM (25.191-b12 mixed mode windows-x86 )
Heap:
 def new generation   total 13376K, used 4424K [0x05000000, 0x05e80000, 0x0a550000)
  eden space 11904K,  37% used [0x05000000, 0x05452138, 0x05ba0000)
  from space 1472K,   0% used [0x05ba0000, 0x05ba0000, 0x05d10000)
  to   space 1472K,   0% used [0x05d10000, 0x05d10000, 0x05e80000)
 tenured generation   total 29572K, used 17741K [0x0a550000, 0x0c231000, 0x15000000)
   the space 29572K,  59% used [0x0a550000, 0x0b6a35a0, 0x0b6a3600, 0x0c231000)
 Metaspace       used 12163K, capacity 12381K, committed 12544K, reserved 12672K
GC Heap History (10 events):
Event: 2.547 GC heap before
{Heap before GC invocations=5 (full 0):
 def new generation   total 4928K, used 4540K [0x05000000, 0x05550000, 0x0a550000)
  eden space 4416K, 100% used [0x05000000, 0x05450000, 0x05450000)
  from space 512K,  24% used [0x054d0000, 0x054ef360, 0x05550000)
  to   space 512K,   0% used [0x05450000, 0x05450000, 0x054d0000)
 tenured generation   total 10944K, used 8276K [0x0a550000, 0x0b000000, 0x15000000)
   the space 10944K,  75% used [0x0a550000, 0x0ad65078, 0x0ad65200, 0x0b000000)
 Metaspace       used 8348K, capacity 8540K, committed 8704K, reserved 9600K
Event: 2.564 GC heap after
Heap after GC invocations=6 (full 1):
 def new generation   total 8704K, used 0K [0x05000000, 0x05970000, 0x0a550000)
  eden space 7744K,   0% used [0x05000000, 0x05000000, 0x05790000)
  from space 960K,   0% used [0x05790000, 0x05790000, 0x05880000)
  to   space 960K,   0% used [0x05880000, 0x05880000, 0x05970000)
 tenured generation   total 19268K, used 11560K [0x0a550000, 0x0b821000, 0x15000000)
   the space 19268K,  59% used [0x0a550000, 0x0b09a228, 0x0b09a400, 0x0b821000)
 Metaspace       used 8348K, capacity 8540K, committed 8704K, reserved 9600K
}
Event: 4.786 GC heap before
{Heap before GC invocations=6 (full 1):
 def new generation   total 8704K, used 7744K [0x05000000, 0x05970000, 0x0a550000)
  eden space 7744K, 100% used [0x05000000, 0x05790000, 0x05790000)
  from space 960K,   0% used [0x05790000, 0x05790000, 0x05880000)
  to   space 960K,   0% used [0x05880000, 0x05880000, 0x05970000)
 tenured generation   total 19268K, used 11560K [0x0a550000, 0x0b821000, 0x15000000)
   the space 19268K,  59% used [0x0a550000, 0x0b09a228, 0x0b09a400, 0x0b821000)
 Metaspace       used 10588K, capacity 10776K, committed 10880K, reserved 11648K
Event: 4.790 GC heap after
Heap after GC invocations=7 (full 1):
 def new generation   total 8704K, used 960K [0x05000000, 0x05970000, 0x0a550000)
  eden space 7744K,   0% used [0x05000000, 0x05000000, 0x05790000)
  from space 960K, 100% used [0x05880000, 0x05970000, 0x05970000)
  to   space 960K,   0% used [0x05790000, 0x05790000, 0x05880000)
 tenured generation   total 19268K, used 12186K [0x0a550000, 0x0b821000, 0x15000000)
   the space 19268K,  63% used [0x0a550000, 0x0b1368c8, 0x0b136a00, 0x0b821000)
 Metaspace       used 10588K, capacity 10776K, committed 10880K, reserved 11648K
}
Event: 4.888 GC heap before
{Heap before GC invocations=7 (full 1):
 def new generation   total 8704K, used 8704K [0x05000000, 0x05970000, 0x0a550000)
  eden space 7744K, 100% used [0x05000000, 0x05790000, 0x05790000)
  from space 960K, 100% used [0x05880000, 0x05970000, 0x05970000)
  to   space 960K,   0% used [0x05790000, 0x05790000, 0x05880000)
 tenured generation   total 19268K, used 12186K [0x0a550000, 0x0b821000, 0x15000000)
   the space 19268K,  63% used [0x0a550000, 0x0b1368c8, 0x0b136a00, 0x0b821000)
 Metaspace       used 11136K, capacity 11364K, committed 11520K, reserved 11648K
Event: 4.893 GC heap after
Heap after GC invocations=8 (full 1):
 def new generation   total 8704K, used 960K [0x05000000, 0x05970000, 0x0a550000)
  eden space 7744K,   0% used [0x05000000, 0x05000000, 0x05790000)
  from space 960K, 100% used [0x05790000, 0x05880000, 0x05880000)
  to   space 960K,   0% used [0x05880000, 0x05880000, 0x05970000)
 tenured generation   total 19268K, used 13314K [0x0a550000, 0x0b821000, 0x15000000)
   the space 19268K,  69% used [0x0a550000, 0x0b250ac8, 0x0b250c00, 0x0b821000)
 Metaspace       used 11136K, capacity 11364K, committed 11520K, reserved 11648K
}
Event: 5.497 GC heap before
{Heap before GC invocations=8 (full 1):
 def new generation   total 8704K, used 8704K [0x05000000, 0x05970000, 0x0a550000)
  eden space 7744K, 100% used [0x05000000, 0x05790000, 0x05790000)
  from space 960K, 100% used [0x05790000, 0x05880000, 0x05880000)
  to   space 960K,   0% used [0x05880000, 0x05880000, 0x05970000)
 tenured generation   total 19268K, used 13314K [0x0a550000, 0x0b821000, 0x15000000)
   the space 19268K,  69% used [0x0a550000, 0x0b250ac8, 0x0b250c00, 0x0b821000)
 Metaspace       used 11917K, capacity 12105K, committed 12288K, reserved 12672K
Event: 5.501 GC heap after
Heap after GC invocations=9 (full 1):
 def new generation   total 8704K, used 960K [0x05000000, 0x05970000, 0x0a550000)
  eden space 7744K,   0% used [0x05000000, 0x05000000, 0x05790000)
  from space 960K, 100% used [0x05880000, 0x05970000, 0x05970000)
  to   space 960K,   0% used [0x05790000, 0x05790000, 0x05880000)
 tenured generation   total 19268K, used 14878K [0x0a550000, 0x0b821000, 0x15000000)
   the space 19268K,  77% used [0x0a550000, 0x0b3d7b60, 0x0b3d7c00, 0x0b821000)
 Metaspace       used 11917K, capacity 12105K, committed 12288K, reserved 12672K
}
Event: 7.064 GC heap before
{Heap before GC invocations=9 (full 1):
 def new generation   total 8704K, used 8396K [0x05000000, 0x05970000, 0x0a550000)
  eden space 7744K,  96% used [0x05000000, 0x05743310, 0x05790000)
  from space 960K, 100% used [0x05880000, 0x05970000, 0x05970000)
  to   space 960K,   0% used [0x05790000, 0x05790000, 0x05880000)
 tenured generation   total 19268K, used 14878K [0x0a550000, 0x0b821000, 0x15000000)
   the space 19268K,  77% used [0x0a550000, 0x0b3d7b60, 0x0b3d7c00, 0x0b821000)
 Metaspace       used 12103K, capacity 12297K, committed 12416K, reserved 12672K
Event: 7.116 GC heap after
Heap after GC invocations=10 (full 2):
 def new generation   total 13376K, used 0K [0x05000000, 0x05e80000, 0x0a550000)
  eden space 11904K,   0% used [0x05000000, 0x05000000, 0x05ba0000)
  from space 1472K,   0% used [0x05ba0000, 0x05ba0000, 0x05d10000)
  to   space 1472K,   0% used [0x05d10000, 0x05d10000, 0x05e80000)
 tenured generation   total 29572K, used 17741K [0x0a550000, 0x0c231000, 0x15000000)
   the space 29572K,  59% used [0x0a550000, 0x0b6a35a0, 0x0b6a3600, 0x0c231000)
 Metaspace       used 12099K, capacity 12285K, committed 12416K, reserved 12672K
}

