# JRE version: Java(TM) SE Runtime Environment (8.0_191-b12) (build 1.8.0_191-b12)
# Java VM: Java HotSpot(TM) Client VM (25.191-b12 mixed mode windows-x86 )
Heap:
 def new generation   total 78656K, used 19985K [0x04c00000, 0x0a150000, 0x0a150000)
  eden space 69952K,  28% used [0x04c00000, 0x05f84658, 0x09050000)
  from space 8704K,   0% used [0x09050000, 0x09050000, 0x098d0000)
  to   space 8704K,   0% used [0x098d0000, 0x098d0000, 0x0a150000)
 tenured generation   total 174784K, used 134611K [0x0a150000, 0x14c00000, 0x14c00000)
   the space 174784K,  77% used [0x0a150000, 0x124c4ff8, 0x124c5000, 0x14c00000)
 Metaspace       used 12231K, capacity 12413K, committed 12544K, reserved 12672K
GC Heap History (10 events):
Event: 16.609 GC heap before
{Heap before GC invocations=12 (full 2):
 def new generation   total 16576K, used 16576K [0x04c00000, 0x05df0000, 0x0a150000)
  eden space 14784K, 100% used [0x04c00000, 0x05a70000, 0x05a70000)
  from space 1792K, 100% used [0x05c30000, 0x05df0000, 0x05df0000)
  to   space 1792K,   0% used [0x05a70000, 0x05a70000, 0x05c30000)
 tenured generation   total 36636K, used 30311K [0x0a150000, 0x0c517000, 0x14c00000)
   the space 36636K,  82% used [0x0a150000, 0x0bee9c30, 0x0bee9e00, 0x0c517000)
 Metaspace       used 12171K, capacity 12381K, committed 12544K, reserved 12672K
Event: 16.686 GC heap after
Heap after GC invocations=13 (full 3):
 def new generation   total 30144K, used 1032K [0x04c00000, 0x06cb0000, 0x0a150000)
  eden space 26816K,   3% used [0x04c00000, 0x04d020e0, 0x06630000)
  from space 3328K,   0% used [0x06630000, 0x06630000, 0x06970000)
  to   space 3328K,   0% used [0x06970000, 0x06970000, 0x06cb0000)
 tenured generation   total 66912K, used 40145K [0x0a150000, 0x0e2a8000, 0x14c00000)
   the space 66912K,  59% used [0x0a150000, 0x0c884428, 0x0c884600, 0x0e2a8000)
 Metaspace       used 12171K, capacity 12381K, committed 12544K, reserved 12672K
}
Event: 16.712 GC heap before
{Heap before GC invocations=13 (full 3):
 def new generation   total 30144K, used 26816K [0x04c00000, 0x06cb0000, 0x0a150000)
  eden space 26816K, 100% used [0x04c00000, 0x06630000, 0x06630000)
  from space 3328K,   0% used [0x06630000, 0x06630000, 0x06970000)
  to   space 3328K,   0% used [0x06970000, 0x06970000, 0x06cb0000)
 tenured generation   total 66912K, used 40145K [0x0a150000, 0x0e2a8000, 0x14c00000)
   the space 66912K,  59% used [0x0a150000, 0x0c884428, 0x0c884600, 0x0e2a8000)
 Metaspace       used 12171K, capacity 12381K, committed 12544K, reserved 12672K
Event: 16.756 GC heap after
Heap after GC invocations=14 (full 3):
 def new generation   total 30144K, used 3328K [0x04c00000, 0x06cb0000, 0x0a150000)
  eden space 26816K,   0% used [0x04c00000, 0x04c00000, 0x06630000)
  from space 3328K, 100% used [0x06970000, 0x06cb0000, 0x06cb0000)
  to   space 3328K,   0% used [0x06630000, 0x06630000, 0x06970000)
 tenured generation   total 66912K, used 56210K [0x0a150000, 0x0e2a8000, 0x14c00000)
   the space 66912K,  84% used [0x0a150000, 0x0d8348b8, 0x0d834a00, 0x0e2a8000)
 Metaspace       used 12171K, capacity 12381K, committed 12544K, reserved 12672K
}
Event: 16.778 GC heap before
{Heap before GC invocations=14 (full 3):
 def new generation   total 30144K, used 30144K [0x04c00000, 0x06cb0000, 0x0a150000)
  eden space 26816K, 100% used [0x04c00000, 0x06630000, 0x06630000)
  from space 3328K, 100% used [0x06970000, 0x06cb0000, 0x06cb0000)
  to   space 3328K,   0% used [0x06630000, 0x06630000, 0x06970000)
 tenured generation   total 66912K, used 56210K [0x0a150000, 0x0e2a8000, 0x14c00000)
   the space 66912K,  84% used [0x0a150000, 0x0d8348b8, 0x0d834a00, 0x0e2a8000)
 Metaspace       used 12171K, capacity 12381K, committed 12544K, reserved 12672K
Event: 16.937 GC heap after
Heap after GC invocations=15 (full 4):
 def new generation   total 55680K, used 0K [0x04c00000, 0x08860000, 0x0a150000)
  eden space 49536K,   0% used [0x04c00000, 0x04c00000, 0x07c60000)
  from space 6144K,   0% used [0x07c60000, 0x07c60000, 0x08260000)
  to   space 6144K,   0% used [0x08260000, 0x08260000, 0x08860000)
 tenured generation   total 123616K, used 74169K [0x0a150000, 0x11a08000, 0x14c00000)
   the space 123616K,  59% used [0x0a150000, 0x0e9be4a8, 0x0e9be600, 0x11a08000)
 Metaspace       used 12171K, capacity 12381K, committed 12544K, reserved 12672K
}
Event: 16.985 GC heap before
{Heap before GC invocations=15 (full 4):
 def new generation   total 55680K, used 49536K [0x04c00000, 0x08860000, 0x0a150000)
  eden space 49536K, 100% used [0x04c00000, 0x07c60000, 0x07c60000)
  from space 6144K,   0% used [0x07c60000, 0x07c60000, 0x08260000)
  to   space 6144K,   0% used [0x08260000, 0x08260000, 0x08860000)
 tenured generation   total 123616K, used 74169K [0x0a150000, 0x11a08000, 0x14c00000)
   the space 123616K,  59% used [0x0a150000, 0x0e9be4a8, 0x0e9be600, 0x11a08000)
 Metaspace       used 12171K, capacity 12381K, committed 12544K, reserved 12672K
Event: 17.054 GC heap after
Heap after GC invocations=16 (full 4):
 def new generation   total 55680K, used 6143K [0x04c00000, 0x08860000, 0x0a150000)
  eden space 49536K,   0% used [0x04c00000, 0x04c00000, 0x07c60000)
  from space 6144K,  99% used [0x08260000, 0x0885fff8, 0x08860000)
  to   space 6144K,   0% used [0x07c60000, 0x07c60000, 0x08260000)
 tenured generation   total 123616K, used 105317K [0x0a150000, 0x11a08000, 0x14c00000)
   the space 123616K,  85% used [0x0a150000, 0x10829658, 0x10829800, 0x11a08000)
 Metaspace       used 12171K, capacity 12381K, committed 12544K, reserved 12672K
}
Event: 18.223 GC heap before
{Heap before GC invocations=16 (full 4):
 def new generation   total 55680K, used 55679K [0x04c00000, 0x08860000, 0x0a150000)
  eden space 49536K, 100% used [0x04c00000, 0x07c60000, 0x07c60000)
  from space 6144K,  99% used [0x08260000, 0x0885fff8, 0x08860000)
  to   space 6144K,   0% used [0x07c60000, 0x07c60000, 0x08260000)
 tenured generation   total 123616K, used 105317K [0x0a150000, 0x11a08000, 0x14c00000)
   the space 123616K,  85% used [0x0a150000, 0x10829658, 0x10829800, 0x11a08000)
 Metaspace       used 12228K, capacity 12413K, committed 12544K, reserved 12672K
Event: 18.494 GC heap after
Heap after GC invocations=17 (full 5):
 def new generation   total 78656K, used 2887K [0x04c00000, 0x0a150000, 0x0a150000)
  eden space 69952K,   4% used [0x04c00000, 0x04ed1d68, 0x09050000)
  from space 8704K,   0% used [0x09050000, 0x09050000, 0x098d0000)
  to   space 8704K,   0% used [0x098d0000, 0x098d0000, 0x0a150000)
 tenured generation   total 174784K, used 134611K [0x0a150000, 0x14c00000, 0x14c00000)
   the space 174784K,  77% used [0x0a150000, 0x124c4ff8, 0x124c5000, 0x14c00000)
 Metaspace       used 12228K, capacity 12413K, committed 12544K, reserved 12672K
}

