# JRE version: Java(TM) SE Runtime Environment (8.0_191-b12) (build 1.8.0_191-b12)
# Java VM: Java HotSpot(TM) Client VM (25.191-b12 mixed mode windows-x86 )
Heap:
 def new generation   total 78656K, used 36647K [0x04e00000, 0x0a350000, 0x0a350000)
  eden space 69952K,  39% used [0x04e00000, 0x06949c00, 0x09250000)
  from space 8704K, 100% used [0x09ad0000, 0x0a350000, 0x0a350000)
  to   space 8704K,   0% used [0x09250000, 0x09250000, 0x09ad0000)
 tenured generation   total 174784K, used 151950K [0x0a350000, 0x14e00000, 0x14e00000)
   the space 174784K,  86% used [0x0a350000, 0x137b3aa8, 0x137b3c00, 0x14e00000)
 Metaspace       used 12228K, capacity 12413K, committed 12544K, reserved 12672K
GC Heap History (10 events):
Event: 12.902 GC heap before
{Heap before GC invocations=16 (full 3):
 def new generation   total 24832K, used 22080K [0x04e00000, 0x068f0000, 0x0a350000)
  eden space 22080K, 100% used [0x04e00000, 0x06390000, 0x06390000)
  from space 2752K,   0% used [0x06390000, 0x06390000, 0x06640000)
  to   space 2752K,   0% used [0x06640000, 0x06640000, 0x068f0000)
 tenured generation   total 55068K, used 33038K [0x0a350000, 0x0d917000, 0x14e00000)
   the space 55068K,  59% used [0x0a350000, 0x0c393a18, 0x0c393c00, 0x0d917000)
 Metaspace       used 12170K, capacity 12381K, committed 12544K, reserved 12672K
Event: 12.937 GC heap after
Heap after GC invocations=17 (full 3):
 def new generation   total 24832K, used 2752K [0x04e00000, 0x068f0000, 0x0a350000)
  eden space 22080K,   0% used [0x04e00000, 0x04e00000, 0x06390000)
  from space 2752K, 100% used [0x06640000, 0x068f0000, 0x068f0000)
  to   space 2752K,   0% used [0x06390000, 0x06390000, 0x06640000)
 tenured generation   total 55068K, used 45453K [0x0a350000, 0x0d917000, 0x14e00000)
   the space 55068K,  82% used [0x0a350000, 0x0cfb3590, 0x0cfb3600, 0x0d917000)
 Metaspace       used 12170K, capacity 12381K, committed 12544K, reserved 12672K
}
Event: 12.957 GC heap before
{Heap before GC invocations=17 (full 3):
 def new generation   total 24832K, used 24832K [0x04e00000, 0x068f0000, 0x0a350000)
  eden space 22080K, 100% used [0x04e00000, 0x06390000, 0x06390000)
  from space 2752K, 100% used [0x06640000, 0x068f0000, 0x068f0000)
  to   space 2752K,   0% used [0x06390000, 0x06390000, 0x06640000)
 tenured generation   total 55068K, used 45453K [0x0a350000, 0x0d917000, 0x14e00000)
   the space 55068K,  82% used [0x0a350000, 0x0cfb3590, 0x0cfb3600, 0x0d917000)
 Metaspace       used 12170K, capacity 12381K, committed 12544K, reserved 12672K
Event: 13.085 GC heap after
Heap after GC invocations=18 (full 4):
 def new generation   total 44928K, used 1006K [0x04e00000, 0x07eb0000, 0x0a350000)
  eden space 40000K,   2% used [0x04e00000, 0x04efb830, 0x07510000)
  from space 4928K,   0% used [0x07510000, 0x07510000, 0x079e0000)
  to   space 4928K,   0% used [0x079e0000, 0x079e0000, 0x07eb0000)
 tenured generation   total 99676K, used 59803K [0x0a350000, 0x104a7000, 0x14e00000)
   the space 99676K,  59% used [0x0a350000, 0x0ddb6fe8, 0x0ddb7000, 0x104a7000)
 Metaspace       used 12170K, capacity 12381K, committed 12544K, reserved 12672K
}
Event: 13.122 GC heap before
{Heap before GC invocations=18 (full 4):
 def new generation   total 44928K, used 40000K [0x04e00000, 0x07eb0000, 0x0a350000)
  eden space 40000K, 100% used [0x04e00000, 0x07510000, 0x07510000)
  from space 4928K,   0% used [0x07510000, 0x07510000, 0x079e0000)
  to   space 4928K,   0% used [0x079e0000, 0x079e0000, 0x07eb0000)
 tenured generation   total 99676K, used 59803K [0x0a350000, 0x104a7000, 0x14e00000)
   the space 99676K,  59% used [0x0a350000, 0x0ddb6fe8, 0x0ddb7000, 0x104a7000)
 Metaspace       used 12170K, capacity 12381K, committed 12544K, reserved 12672K
Event: 13.194 GC heap after
Heap after GC invocations=19 (full 4):
 def new generation   total 44928K, used 4927K [0x04e00000, 0x07eb0000, 0x0a350000)
  eden space 40000K,   0% used [0x04e00000, 0x04e00000, 0x07510000)
  from space 4928K,  99% used [0x079e0000, 0x07eafff8, 0x07eb0000)
  to   space 4928K,   0% used [0x07510000, 0x07510000, 0x079e0000)
 tenured generation   total 99676K, used 83649K [0x0a350000, 0x104a7000, 0x14e00000)
   the space 99676K,  83% used [0x0a350000, 0x0f500710, 0x0f500800, 0x104a7000)
 Metaspace       used 12170K, capacity 12381K, committed 12544K, reserved 12672K
}
Event: 13.228 GC heap before
{Heap before GC invocations=19 (full 4):
 def new generation   total 44928K, used 44927K [0x04e00000, 0x07eb0000, 0x0a350000)
  eden space 40000K, 100% used [0x04e00000, 0x07510000, 0x07510000)
  from space 4928K,  99% used [0x079e0000, 0x07eafff8, 0x07eb0000)
  to   space 4928K,   0% used [0x07510000, 0x07510000, 0x079e0000)
 tenured generation   total 99676K, used 83649K [0x0a350000, 0x104a7000, 0x14e00000)
   the space 99676K,  83% used [0x0a350000, 0x0f500710, 0x0f500800, 0x104a7000)
 Metaspace       used 12170K, capacity 12381K, committed 12544K, reserved 12672K
Event: 13.425 GC heap after
Heap after GC invocations=20 (full 5):
 def new generation   total 78656K, used 4906K [0x04e00000, 0x0a350000, 0x0a350000)
  eden space 69952K,   7% used [0x04e00000, 0x052ca888, 0x09250000)
  from space 8704K,   0% used [0x09250000, 0x09250000, 0x09ad0000)
  to   space 8704K,   0% used [0x09ad0000, 0x09ad0000, 0x0a350000)
 tenured generation   total 174784K, used 112219K [0x0a350000, 0x14e00000, 0x14e00000)
   the space 174784K,  64% used [0x0a350000, 0x110e6ff8, 0x110e7000, 0x14e00000)
 Metaspace       used 12170K, capacity 12381K, committed 12544K, reserved 12672K
}
Event: 13.485 GC heap before
{Heap before GC invocations=20 (full 5):
 def new generation   total 78656K, used 69952K [0x04e00000, 0x0a350000, 0x0a350000)
  eden space 69952K, 100% used [0x04e00000, 0x09250000, 0x09250000)
  from space 8704K,   0% used [0x09250000, 0x09250000, 0x09ad0000)
  to   space 8704K,   0% used [0x09ad0000, 0x09ad0000, 0x0a350000)
 tenured generation   total 174784K, used 112219K [0x0a350000, 0x14e00000, 0x14e00000)
   the space 174784K,  64% used [0x0a350000, 0x110e6ff8, 0x110e7000, 0x14e00000)
 Metaspace       used 12170K, capacity 12381K, committed 12544K, reserved 12672K
Event: 13.606 GC heap after
Heap after GC invocations=21 (full 5):
 def new generation   total 78656K, used 8704K [0x04e00000, 0x0a350000, 0x0a350000)
  eden space 69952K,   0% used [0x04e00000, 0x04e00000, 0x09250000)
  from space 8704K, 100% used [0x09ad0000, 0x0a350000, 0x0a350000)
  to   space 8704K,   0% used [0x09250000, 0x09250000, 0x09ad0000)
 tenured generation   total 174784K, used 151950K [0x0a350000, 0x14e00000, 0x14e00000)
   the space 174784K,  86% used [0x0a350000, 0x137b3aa8, 0x137b3c00, 0x14e00000)
 Metaspace       used 12170K, capacity 12381K, committed 12544K, reserved 12672K
}

