# JRE version: Java(TM) SE Runtime Environment (8.0_191-b12) (build 1.8.0_191-b12)
# Java VM: Java HotSpot(TM) Client VM (25.191-b12 mixed mode, sharing windows-x86 )
Heap:
 def new generation   total 13376K, used 4401K [0x04400000, 0x05280000, 0x09950000)
  eden space 11904K,  36% used [0x04400000, 0x0484c6e0, 0x04fa0000)
  from space 1472K,   0% used [0x04fa0000, 0x04fa0000, 0x05110000)
  to   space 1472K,   0% used [0x05110000, 0x05110000, 0x05280000)
 tenured generation   total 29668K, used 17800K [0x09950000, 0x0b649000, 0x14400000)
   the space 29668K,  59% used [0x09950000, 0x0aab2098, 0x0aab2200, 0x0b649000)
 Metaspace       used 4387K, capacity 4605K, committed 4736K, reserved 5504K
GC Heap History (10 events):
Event: 2.608 GC heap before
{Heap before GC invocations=5 (full 0):
 def new generation   total 4928K, used 4555K [0x04400000, 0x04950000, 0x09950000)
  eden space 4416K, 100% used [0x04400000, 0x04850000, 0x04850000)
  from space 512K,  27% used [0x048d0000, 0x048f2d68, 0x04950000)
  to   space 512K,   0% used [0x04850000, 0x04850000, 0x048d0000)
 tenured generation   total 10944K, used 8265K [0x09950000, 0x0a400000, 0x14400000)
   the space 10944K,  75% used [0x09950000, 0x0a1627b8, 0x0a162800, 0x0a400000)
 Metaspace       used 1270K, capacity 2580K, committed 2624K, reserved 4480K
Event: 2.621 GC heap after
Heap after GC invocations=6 (full 1):
 def new generation   total 8768K, used 0K [0x04400000, 0x04d80000, 0x09950000)
  eden space 7808K,   0% used [0x04400000, 0x04400000, 0x04ba0000)
  from space 960K,   0% used [0x04ba0000, 0x04ba0000, 0x04c90000)
  to   space 960K,   0% used [0x04c90000, 0x04c90000, 0x04d80000)
 tenured generation   total 19316K, used 11588K [0x09950000, 0x0ac2d000, 0x14400000)
   the space 19316K,  59% used [0x09950000, 0x0a4a1238, 0x0a4a1400, 0x0ac2d000)
 Metaspace       used 1270K, capacity 2580K, committed 2624K, reserved 4480K
}
Event: 5.005 GC heap before
{Heap before GC invocations=6 (full 1):
 def new generation   total 8768K, used 7808K [0x04400000, 0x04d80000, 0x09950000)
  eden space 7808K, 100% used [0x04400000, 0x04ba0000, 0x04ba0000)
  from space 960K,   0% used [0x04ba0000, 0x04ba0000, 0x04c90000)
  to   space 960K,   0% used [0x04c90000, 0x04c90000, 0x04d80000)
 tenured generation   total 19316K, used 11588K [0x09950000, 0x0ac2d000, 0x14400000)
   the space 19316K,  59% used [0x09950000, 0x0a4a1238, 0x0a4a1400, 0x0ac2d000)
 Metaspace       used 2876K, capacity 3064K, committed 3136K, reserved 4480K
Event: 5.011 GC heap after
Heap after GC invocations=7 (full 1):
 def new generation   total 8768K, used 960K [0x04400000, 0x04d80000, 0x09950000)
  eden space 7808K,   0% used [0x04400000, 0x04400000, 0x04ba0000)
  from space 960K, 100% used [0x04c90000, 0x04d80000, 0x04d80000)
  to   space 960K,   0% used [0x04ba0000, 0x04ba0000, 0x04c90000)
 tenured generation   total 19316K, used 12219K [0x09950000, 0x0ac2d000, 0x14400000)
   the space 19316K,  63% used [0x09950000, 0x0a53efa0, 0x0a53f000, 0x0ac2d000)
 Metaspace       used 2876K, capacity 3064K, committed 3136K, reserved 4480K
}
Event: 5.108 GC heap before
{Heap before GC invocations=7 (full 1):
 def new generation   total 8768K, used 8768K [0x04400000, 0x04d80000, 0x09950000)
  eden space 7808K, 100% used [0x04400000, 0x04ba0000, 0x04ba0000)
  from space 960K, 100% used [0x04c90000, 0x04d80000, 0x04d80000)
  to   space 960K,   0% used [0x04ba0000, 0x04ba0000, 0x04c90000)
 tenured generation   total 19316K, used 12219K [0x09950000, 0x0ac2d000, 0x14400000)
   the space 19316K,  63% used [0x09950000, 0x0a53efa0, 0x0a53f000, 0x0ac2d000)
 Metaspace       used 3422K, capacity 3652K, committed 3776K, reserved 4480K
Event: 5.113 GC heap after
Heap after GC invocations=8 (full 1):
 def new generation   total 8768K, used 960K [0x04400000, 0x04d80000, 0x09950000)
  eden space 7808K,   0% used [0x04400000, 0x04400000, 0x04ba0000)
  from space 960K, 100% used [0x04ba0000, 0x04c90000, 0x04c90000)
  to   space 960K,   0% used [0x04c90000, 0x04c90000, 0x04d80000)
 tenured generation   total 19316K, used 13374K [0x09950000, 0x0ac2d000, 0x14400000)
   the space 19316K,  69% used [0x09950000, 0x0a65fa18, 0x0a65fc00, 0x0ac2d000)
 Metaspace       used 3422K, capacity 3652K, committed 3776K, reserved 4480K
}
Event: 5.737 GC heap before
{Heap before GC invocations=8 (full 1):
 def new generation   total 8768K, used 8768K [0x04400000, 0x04d80000, 0x09950000)
  eden space 7808K, 100% used [0x04400000, 0x04ba0000, 0x04ba0000)
  from space 960K, 100% used [0x04ba0000, 0x04c90000, 0x04c90000)
  to   space 960K,   0% used [0x04c90000, 0x04c90000, 0x04d80000)
 tenured generation   total 19316K, used 13374K [0x09950000, 0x0ac2d000, 0x14400000)
   the space 19316K,  69% used [0x09950000, 0x0a65fa18, 0x0a65fc00, 0x0ac2d000)
 Metaspace       used 4160K, capacity 4361K, committed 4416K, reserved 4480K
Event: 5.742 GC heap after
Heap after GC invocations=9 (full 1):
 def new generation   total 8768K, used 960K [0x04400000, 0x04d80000, 0x09950000)
  eden space 7808K,   0% used [0x04400000, 0x04400000, 0x04ba0000)
  from space 960K, 100% used [0x04c90000, 0x04d80000, 0x04d80000)
  to   space 960K,   0% used [0x04ba0000, 0x04ba0000, 0x04c90000)
 tenured generation   total 19316K, used 14939K [0x09950000, 0x0ac2d000, 0x14400000)
   the space 19316K,  77% used [0x09950000, 0x0a7e6ee8, 0x0a7e7000, 0x0ac2d000)
 Metaspace       used 4160K, capacity 4361K, committed 4416K, reserved 4480K
}
Event: 7.415 GC heap before
{Heap before GC invocations=9 (full 1):
 def new generation   total 8768K, used 8421K [0x04400000, 0x04d80000, 0x09950000)
  eden space 7808K,  95% used [0x04400000, 0x04b494b8, 0x04ba0000)
  from space 960K, 100% used [0x04c90000, 0x04d80000, 0x04d80000)
  to   space 960K,   0% used [0x04ba0000, 0x04ba0000, 0x04c90000)
 tenured generation   total 19316K, used 14939K [0x09950000, 0x0ac2d000, 0x14400000)
   the space 19316K,  77% used [0x09950000, 0x0a7e6ee8, 0x0a7e7000, 0x0ac2d000)
 Metaspace       used 4326K, capacity 4521K, committed 4608K, reserved 5504K
Event: 7.458 GC heap after
Heap after GC invocations=10 (full 2):
 def new generation   total 13376K, used 0K [0x04400000, 0x05280000, 0x09950000)
  eden space 11904K,   0% used [0x04400000, 0x04400000, 0x04fa0000)
  from space 1472K,   0% used [0x04fa0000, 0x04fa0000, 0x05110000)
  to   space 1472K,   0% used [0x05110000, 0x05110000, 0x05280000)
 tenured generation   total 29668K, used 17800K [0x09950000, 0x0b649000, 0x14400000)
   the space 29668K,  59% used [0x09950000, 0x0aab2098, 0x0aab2200, 0x0b649000)
 Metaspace       used 4321K, capacity 4509K, committed 4608K, reserved 5504K
}

