# JRE version: Java(TM) SE Runtime Environment (8.0_191-b12) (build 1.8.0_191-b12)
# Java VM: Java HotSpot(TM) Client VM (25.191-b12 mixed mode windows-x86 )
Heap:
 def new generation   total 12928K, used 4713K [0x04800000, 0x05600000, 0x09d50000)
  eden space 11520K,  28% used [0x04800000, 0x04b3a5b8, 0x05340000)
  from space 1408K, 100% used [0x054a0000, 0x05600000, 0x05600000)
  to   space 1408K,   0% used [0x05340000, 0x05340000, 0x054a0000)
 tenured generation   total 28548K, used 25290K [0x09d50000, 0x0b931000, 0x14800000)
   the space 28548K,  88% used [0x09d50000, 0x0b6029e8, 0x0b602a00, 0x0b931000)
 Metaspace       used 12280K, capacity 12481K, committed 12672K, reserved 12672K
GC Heap History (10 events):
Event: 9.014 GC heap before
{Heap before GC invocations=6 (full 1):
 def new generation   total 8512K, used 8512K [0x04800000, 0x05130000, 0x09d50000)
  eden space 7616K, 100% used [0x04800000, 0x04f70000, 0x04f70000)
  from space 896K, 100% used [0x05050000, 0x05130000, 0x05130000)
  to   space 896K,   0% used [0x04f70000, 0x04f70000, 0x05050000)
 tenured generation   total 18704K, used 11676K [0x09d50000, 0x0af94000, 0x14800000)
   the space 18704K,  62% used [0x09d50000, 0x0a8b73f8, 0x0a8b7400, 0x0af94000)
 Metaspace       used 10426K, capacity 10626K, committed 10752K, reserved 11648K
Event: 9.026 GC heap after
Heap after GC invocations=7 (full 1):
 def new generation   total 8512K, used 896K [0x04800000, 0x05130000, 0x09d50000)
  eden space 7616K,   0% used [0x04800000, 0x04800000, 0x04f70000)
  from space 896K, 100% used [0x04f70000, 0x05050000, 0x05050000)
  to   space 896K,   0% used [0x05050000, 0x05050000, 0x05130000)
 tenured generation   total 18704K, used 12948K [0x09d50000, 0x0af94000, 0x14800000)
   the space 18704K,  69% used [0x09d50000, 0x0a9f5090, 0x0a9f5200, 0x0af94000)
 Metaspace       used 10426K, capacity 10626K, committed 10752K, reserved 11648K
}
Event: 10.812 GC heap before
{Heap before GC invocations=7 (full 1):
 def new generation   total 8512K, used 8512K [0x04800000, 0x05130000, 0x09d50000)
  eden space 7616K, 100% used [0x04800000, 0x04f70000, 0x04f70000)
  from space 896K, 100% used [0x04f70000, 0x05050000, 0x05050000)
  to   space 896K,   0% used [0x05050000, 0x05050000, 0x05130000)
 tenured generation   total 18704K, used 12948K [0x09d50000, 0x0af94000, 0x14800000)
   the space 18704K,  69% used [0x09d50000, 0x0a9f5090, 0x0a9f5200, 0x0af94000)
 Metaspace       used 11225K, capacity 11431K, committed 11520K, reserved 11648K
Event: 10.822 GC heap after
Heap after GC invocations=8 (full 1):
 def new generation   total 8512K, used 896K [0x04800000, 0x05130000, 0x09d50000)
  eden space 7616K,   0% used [0x04800000, 0x04800000, 0x04f70000)
  from space 896K, 100% used [0x05050000, 0x05130000, 0x05130000)
  to   space 896K,   0% used [0x04f70000, 0x04f70000, 0x05050000)
 tenured generation   total 18704K, used 14321K [0x09d50000, 0x0af94000, 0x14800000)
   the space 18704K,  76% used [0x09d50000, 0x0ab4c6a0, 0x0ab4c800, 0x0af94000)
 Metaspace       used 11225K, capacity 11431K, committed 11520K, reserved 11648K
}
Event: 11.025 GC heap before
{Heap before GC invocations=8 (full 1):
 def new generation   total 8512K, used 8512K [0x04800000, 0x05130000, 0x09d50000)
  eden space 7616K, 100% used [0x04800000, 0x04f70000, 0x04f70000)
  from space 896K, 100% used [0x05050000, 0x05130000, 0x05130000)
  to   space 896K,   0% used [0x04f70000, 0x04f70000, 0x05050000)
 tenured generation   total 18704K, used 14321K [0x09d50000, 0x0af94000, 0x14800000)
   the space 18704K,  76% used [0x09d50000, 0x0ab4c6a0, 0x0ab4c800, 0x0af94000)
 Metaspace       used 12075K, capacity 12300K, committed 12416K, reserved 12672K
Event: 11.029 GC heap after
Heap after GC invocations=9 (full 1):
 def new generation   total 8512K, used 896K [0x04800000, 0x05130000, 0x09d50000)
  eden space 7616K,   0% used [0x04800000, 0x04800000, 0x04f70000)
  from space 896K, 100% used [0x04f70000, 0x05050000, 0x05050000)
  to   space 896K,   0% used [0x05050000, 0x05050000, 0x05130000)
 tenured generation   total 18704K, used 15370K [0x09d50000, 0x0af94000, 0x14800000)
   the space 18704K,  82% used [0x09d50000, 0x0ac52990, 0x0ac52a00, 0x0af94000)
 Metaspace       used 12075K, capacity 12300K, committed 12416K, reserved 12672K
}
Event: 20.418 GC heap before
{Heap before GC invocations=9 (full 1):
 def new generation   total 8512K, used 8512K [0x04800000, 0x05130000, 0x09d50000)
  eden space 7616K, 100% used [0x04800000, 0x04f70000, 0x04f70000)
  from space 896K, 100% used [0x04f70000, 0x05050000, 0x05050000)
  to   space 896K,   0% used [0x05050000, 0x05050000, 0x05130000)
 tenured generation   total 18704K, used 15370K [0x09d50000, 0x0af94000, 0x14800000)
   the space 18704K,  82% used [0x09d50000, 0x0ac52990, 0x0ac52a00, 0x0af94000)
 Metaspace       used 12245K, capacity 12460K, committed 12544K, reserved 12672K
Event: 20.484 GC heap after
Heap after GC invocations=10 (full 2):
 def new generation   total 12928K, used 0K [0x04800000, 0x05600000, 0x09d50000)
  eden space 11520K,   0% used [0x04800000, 0x04800000, 0x05340000)
  from space 1408K,   0% used [0x05340000, 0x05340000, 0x054a0000)
  to   space 1408K,   0% used [0x054a0000, 0x054a0000, 0x05600000)
 tenured generation   total 28548K, used 17128K [0x09d50000, 0x0b931000, 0x14800000)
   the space 28548K,  59% used [0x09d50000, 0x0ae0a0c0, 0x0ae0a200, 0x0b931000)
 Metaspace       used 12218K, capacity 12417K, committed 12544K, reserved 12672K
}
Event: 20.493 GC heap before
{Heap before GC invocations=10 (full 2):
 def new generation   total 12928K, used 11520K [0x04800000, 0x05600000, 0x09d50000)
  eden space 11520K, 100% used [0x04800000, 0x05340000, 0x05340000)
  from space 1408K,   0% used [0x05340000, 0x05340000, 0x054a0000)
  to   space 1408K,   0% used [0x054a0000, 0x054a0000, 0x05600000)
 tenured generation   total 28548K, used 17128K [0x09d50000, 0x0b931000, 0x14800000)
   the space 28548K,  59% used [0x09d50000, 0x0ae0a0c0, 0x0ae0a200, 0x0b931000)
 Metaspace       used 12218K, capacity 12417K, committed 12544K, reserved 12672K
Event: 20.510 GC heap after
Heap after GC invocations=11 (full 2):
 def new generation   total 12928K, used 1408K [0x04800000, 0x05600000, 0x09d50000)
  eden space 11520K,   0% used [0x04800000, 0x04800000, 0x05340000)
  from space 1408K, 100% used [0x054a0000, 0x05600000, 0x05600000)
  to   space 1408K,   0% used [0x05340000, 0x05340000, 0x054a0000)
 tenured generation   total 28548K, used 25290K [0x09d50000, 0x0b931000, 0x14800000)
   the space 28548K,  88% used [0x09d50000, 0x0b6029e8, 0x0b602a00, 0x0b931000)
 Metaspace       used 12218K, capacity 12417K, committed 12544K, reserved 12672K
}

