# JRE version: Java(TM) SE Runtime Environment (8.0_191-b12) (build 1.8.0_191-b12)
# Java VM: Java HotSpot(TM) Client VM (25.191-b12 mixed mode, sharing windows-x86 )
Heap:
 def new generation   total 78656K, used 42905K [0x04400000, 0x09950000, 0x09950000)
  eden space 69952K,  48% used [0x04400000, 0x06566748, 0x08850000)
  from space 8704K, 100% used [0x090d0000, 0x09950000, 0x09950000)
  to   space 8704K,   0% used [0x08850000, 0x08850000, 0x090d0000)
 tenured generation   total 174784K, used 165675K [0x09950000, 0x14400000, 0x14400000)
   the space 174784K,  94% used [0x09950000, 0x13b1ae40, 0x13b1b000, 0x14400000)
 Metaspace       used 4429K, capacity 4607K, committed 4736K, reserved 5504K
GC Heap History (10 events):
Event: 18.967 GC heap before
{Heap before GC invocations=17 (full 3):
 def new generation   total 27648K, used 24576K [0x04400000, 0x06200000, 0x09950000)
  eden space 24576K, 100% used [0x04400000, 0x05c00000, 0x05c00000)
  from space 3072K,   0% used [0x05c00000, 0x05c00000, 0x05f00000)
  to   space 3072K,   0% used [0x05f00000, 0x05f00000, 0x06200000)
 tenured generation   total 61400K, used 36840K [0x09950000, 0x0d546000, 0x14400000)
   the space 61400K,  60% used [0x09950000, 0x0bd4a000, 0x0bd4a000, 0x0d546000)
 Metaspace       used 4368K, capacity 4575K, committed 4736K, reserved 5504K
Event: 19.007 GC heap after
Heap after GC invocations=18 (full 3):
 def new generation   total 27648K, used 3072K [0x04400000, 0x06200000, 0x09950000)
  eden space 24576K,   0% used [0x04400000, 0x04400000, 0x05c00000)
  from space 3072K, 100% used [0x05f00000, 0x06200000, 0x06200000)
  to   space 3072K,   0% used [0x05c00000, 0x05c00000, 0x05f00000)
 tenured generation   total 61400K, used 50749K [0x09950000, 0x0d546000, 0x14400000)
   the space 61400K,  82% used [0x09950000, 0x0cadf6c0, 0x0cadf800, 0x0d546000)
 Metaspace       used 4368K, capacity 4575K, committed 4736K, reserved 5504K
}
Event: 19.029 GC heap before
{Heap before GC invocations=18 (full 3):
 def new generation   total 27648K, used 27648K [0x04400000, 0x06200000, 0x09950000)
  eden space 24576K, 100% used [0x04400000, 0x05c00000, 0x05c00000)
  from space 3072K, 100% used [0x05f00000, 0x06200000, 0x06200000)
  to   space 3072K,   0% used [0x05c00000, 0x05c00000, 0x05f00000)
 tenured generation   total 61400K, used 50749K [0x09950000, 0x0d546000, 0x14400000)
   the space 61400K,  82% used [0x09950000, 0x0cadf6c0, 0x0cadf800, 0x0d546000)
 Metaspace       used 4368K, capacity 4575K, committed 4736K, reserved 5504K
Event: 19.170 GC heap after
Heap after GC invocations=19 (full 4):
 def new generation   total 51264K, used 100K [0x04400000, 0x07ba0000, 0x09950000)
  eden space 45568K,   0% used [0x04400000, 0x044193f8, 0x07080000)
  from space 5696K,   0% used [0x07080000, 0x07080000, 0x07610000)
  to   space 5696K,   0% used [0x07610000, 0x07610000, 0x07ba0000)
 tenured generation   total 113856K, used 68311K [0x09950000, 0x10880000, 0x14400000)
   the space 113856K,  59% used [0x09950000, 0x0dc05ff0, 0x0dc06000, 0x10880000)
 Metaspace       used 4368K, capacity 4575K, committed 4736K, reserved 5504K
}
Event: 19.210 GC heap before
{Heap before GC invocations=19 (full 4):
 def new generation   total 51264K, used 45568K [0x04400000, 0x07ba0000, 0x09950000)
  eden space 45568K, 100% used [0x04400000, 0x07080000, 0x07080000)
  from space 5696K,   0% used [0x07080000, 0x07080000, 0x07610000)
  to   space 5696K,   0% used [0x07610000, 0x07610000, 0x07ba0000)
 tenured generation   total 113856K, used 68311K [0x09950000, 0x10880000, 0x14400000)
   the space 113856K,  59% used [0x09950000, 0x0dc05ff0, 0x0dc06000, 0x10880000)
 Metaspace       used 4368K, capacity 4575K, committed 4736K, reserved 5504K
Event: 19.293 GC heap after
Heap after GC invocations=20 (full 4):
 def new generation   total 51264K, used 5696K [0x04400000, 0x07ba0000, 0x09950000)
  eden space 45568K,   0% used [0x04400000, 0x04400000, 0x07080000)
  from space 5696K, 100% used [0x07610000, 0x07ba0000, 0x07ba0000)
  to   space 5696K,   0% used [0x07080000, 0x07080000, 0x07610000)
 tenured generation   total 113856K, used 95458K [0x09950000, 0x10880000, 0x14400000)
   the space 113856K,  83% used [0x09950000, 0x0f688870, 0x0f688a00, 0x10880000)
 Metaspace       used 4368K, capacity 4575K, committed 4736K, reserved 5504K
}
Event: 19.331 GC heap before
{Heap before GC invocations=20 (full 4):
 def new generation   total 51264K, used 51264K [0x04400000, 0x07ba0000, 0x09950000)
  eden space 45568K, 100% used [0x04400000, 0x07080000, 0x07080000)
  from space 5696K, 100% used [0x07610000, 0x07ba0000, 0x07ba0000)
  to   space 5696K,   0% used [0x07080000, 0x07080000, 0x07610000)
 tenured generation   total 113856K, used 95458K [0x09950000, 0x10880000, 0x14400000)
   the space 113856K,  83% used [0x09950000, 0x0f688870, 0x0f688a00, 0x10880000)
 Metaspace       used 4368K, capacity 4575K, committed 4736K, reserved 5504K
Event: 19.552 GC heap after
Heap after GC invocations=21 (full 5):
 def new generation   total 78656K, used 5622K [0x04400000, 0x09950000, 0x09950000)
  eden space 69952K,   8% used [0x04400000, 0x0497dab8, 0x08850000)
  from space 8704K,   0% used [0x08850000, 0x08850000, 0x090d0000)
  to   space 8704K,   0% used [0x090d0000, 0x090d0000, 0x09950000)
 tenured generation   total 174784K, used 129599K [0x09950000, 0x14400000, 0x14400000)
   the space 174784K,  74% used [0x09950000, 0x117dfff0, 0x117e0000, 0x14400000)
 Metaspace       used 4368K, capacity 4575K, committed 4736K, reserved 5504K
}
Event: 19.873 GC heap before
{Heap before GC invocations=21 (full 5):
 def new generation   total 78656K, used 69952K [0x04400000, 0x09950000, 0x09950000)
  eden space 69952K, 100% used [0x04400000, 0x08850000, 0x08850000)
  from space 8704K,   0% used [0x08850000, 0x08850000, 0x090d0000)
  to   space 8704K,   0% used [0x090d0000, 0x090d0000, 0x09950000)
 tenured generation   total 174784K, used 129599K [0x09950000, 0x14400000, 0x14400000)
   the space 174784K,  74% used [0x09950000, 0x117dfff0, 0x117e0000, 0x14400000)
 Metaspace       used 4426K, capacity 4607K, committed 4736K, reserved 5504K
Event: 19.986 GC heap after
Heap after GC invocations=22 (full 5):
 def new generation   total 78656K, used 8704K [0x04400000, 0x09950000, 0x09950000)
  eden space 69952K,   0% used [0x04400000, 0x04400000, 0x08850000)
  from space 8704K, 100% used [0x090d0000, 0x09950000, 0x09950000)
  to   space 8704K,   0% used [0x08850000, 0x08850000, 0x090d0000)
 tenured generation   total 174784K, used 165675K [0x09950000, 0x14400000, 0x14400000)
   the space 174784K,  94% used [0x09950000, 0x13b1ae40, 0x13b1b000, 0x14400000)
 Metaspace       used 4426K, capacity 4607K, committed 4736K, reserved 5504K
}

