# JRE version: Java(TM) SE Runtime Environment (8.0_191-b12) (build 1.8.0_191-b12)
# Java VM: Java HotSpot(TM) Client VM (25.191-b12 mixed mode windows-x86 )
Heap:
 def new generation   total 13632K, used 3569K [0x04800000, 0x056c0000, 0x09d50000)
  eden space 12160K,  17% used [0x04800000, 0x04a0c440, 0x053e0000)
  from space 1472K, 100% used [0x05550000, 0x056c0000, 0x056c0000)
  to   space 1472K,   0% used [0x053e0000, 0x053e0000, 0x05550000)
 tenured generation   total 30112K, used 26815K [0x09d50000, 0x0bab8000, 0x14800000)
   the space 30112K,  89% used [0x09d50000, 0x0b77fef8, 0x0b780000, 0x0bab8000)
 Metaspace       used 12301K, capacity 12509K, committed 12672K, reserved 12672K
GC Heap History (10 events):
Event: 5.052 GC heap before
{Heap before GC invocations=6 (full 1):
 def new generation   total 8512K, used 8512K [0x04800000, 0x05130000, 0x09d50000)
  eden space 7616K, 100% used [0x04800000, 0x04f70000, 0x04f70000)
  from space 896K, 100% used [0x05050000, 0x05130000, 0x05130000)
  to   space 896K,   0% used [0x04f70000, 0x04f70000, 0x05050000)
 tenured generation   total 18704K, used 11724K [0x09d50000, 0x0af94000, 0x14800000)
   the space 18704K,  62% used [0x09d50000, 0x0a8c33c0, 0x0a8c3400, 0x0af94000)
 Metaspace       used 10426K, capacity 10626K, committed 10752K, reserved 11648K
Event: 5.063 GC heap after
Heap after GC invocations=7 (full 1):
 def new generation   total 8512K, used 896K [0x04800000, 0x05130000, 0x09d50000)
  eden space 7616K,   0% used [0x04800000, 0x04800000, 0x04f70000)
  from space 896K, 100% used [0x04f70000, 0x05050000, 0x05050000)
  to   space 896K,   0% used [0x05050000, 0x05050000, 0x05130000)
 tenured generation   total 18704K, used 12990K [0x09d50000, 0x0af94000, 0x14800000)
   the space 18704K,  69% used [0x09d50000, 0x0a9ffb78, 0x0a9ffc00, 0x0af94000)
 Metaspace       used 10426K, capacity 10626K, committed 10752K, reserved 11648K
}
Event: 7.945 GC heap before
{Heap before GC invocations=7 (full 1):
 def new generation   total 8512K, used 8512K [0x04800000, 0x05130000, 0x09d50000)
  eden space 7616K, 100% used [0x04800000, 0x04f70000, 0x04f70000)
  from space 896K, 100% used [0x04f70000, 0x05050000, 0x05050000)
  to   space 896K,   0% used [0x05050000, 0x05050000, 0x05130000)
 tenured generation   total 18704K, used 12990K [0x09d50000, 0x0af94000, 0x14800000)
   the space 18704K,  69% used [0x09d50000, 0x0a9ffb78, 0x0a9ffc00, 0x0af94000)
 Metaspace       used 11224K, capacity 11431K, committed 11520K, reserved 11648K
Event: 7.955 GC heap after
Heap after GC invocations=8 (full 1):
 def new generation   total 8512K, used 896K [0x04800000, 0x05130000, 0x09d50000)
  eden space 7616K,   0% used [0x04800000, 0x04800000, 0x04f70000)
  from space 896K, 100% used [0x05050000, 0x05130000, 0x05130000)
  to   space 896K,   0% used [0x04f70000, 0x04f70000, 0x05050000)
 tenured generation   total 18704K, used 14321K [0x09d50000, 0x0af94000, 0x14800000)
   the space 18704K,  76% used [0x09d50000, 0x0ab4c6f8, 0x0ab4c800, 0x0af94000)
 Metaspace       used 11224K, capacity 11431K, committed 11520K, reserved 11648K
}
Event: 8.502 GC heap before
{Heap before GC invocations=8 (full 1):
 def new generation   total 8512K, used 8512K [0x04800000, 0x05130000, 0x09d50000)
  eden space 7616K, 100% used [0x04800000, 0x04f70000, 0x04f70000)
  from space 896K, 100% used [0x05050000, 0x05130000, 0x05130000)
  to   space 896K,   0% used [0x04f70000, 0x04f70000, 0x05050000)
 tenured generation   total 18704K, used 14321K [0x09d50000, 0x0af94000, 0x14800000)
   the space 18704K,  76% used [0x09d50000, 0x0ab4c6f8, 0x0ab4c800, 0x0af94000)
 Metaspace       used 12088K, capacity 12300K, committed 12416K, reserved 12672K
Event: 8.506 GC heap after
Heap after GC invocations=9 (full 1):
 def new generation   total 8512K, used 896K [0x04800000, 0x05130000, 0x09d50000)
  eden space 7616K,   0% used [0x04800000, 0x04800000, 0x04f70000)
  from space 896K, 100% used [0x04f70000, 0x05050000, 0x05050000)
  to   space 896K,   0% used [0x05050000, 0x05050000, 0x05130000)
 tenured generation   total 18704K, used 15426K [0x09d50000, 0x0af94000, 0x14800000)
   the space 18704K,  82% used [0x09d50000, 0x0ac609a8, 0x0ac60a00, 0x0af94000)
 Metaspace       used 12088K, capacity 12300K, committed 12416K, reserved 12672K
}
Event: 11.843 GC heap before
{Heap before GC invocations=9 (full 1):
 def new generation   total 8512K, used 8512K [0x04800000, 0x05130000, 0x09d50000)
  eden space 7616K, 100% used [0x04800000, 0x04f70000, 0x04f70000)
  from space 896K, 100% used [0x04f70000, 0x05050000, 0x05050000)
  to   space 896K,   0% used [0x05050000, 0x05050000, 0x05130000)
 tenured generation   total 18704K, used 15426K [0x09d50000, 0x0af94000, 0x14800000)
   the space 18704K,  82% used [0x09d50000, 0x0ac609a8, 0x0ac60a00, 0x0af94000)
 Metaspace       used 12245K, capacity 12460K, committed 12544K, reserved 12672K
Event: 11.884 GC heap after
Heap after GC invocations=10 (full 2):
 def new generation   total 13632K, used 0K [0x04800000, 0x056c0000, 0x09d50000)
  eden space 12160K,   0% used [0x04800000, 0x04800000, 0x053e0000)
  from space 1472K,   0% used [0x053e0000, 0x053e0000, 0x05550000)
  to   space 1472K,   0% used [0x05550000, 0x05550000, 0x056c0000)
 tenured generation   total 30112K, used 18067K [0x09d50000, 0x0bab8000, 0x14800000)
   the space 30112K,  59% used [0x09d50000, 0x0aef4c08, 0x0aef4e00, 0x0bab8000)
 Metaspace       used 12239K, capacity 12445K, committed 12544K, reserved 12672K
}
Event: 11.899 GC heap before
{Heap before GC invocations=10 (full 2):
 def new generation   total 13632K, used 12160K [0x04800000, 0x056c0000, 0x09d50000)
  eden space 12160K, 100% used [0x04800000, 0x053e0000, 0x053e0000)
  from space 1472K,   0% used [0x053e0000, 0x053e0000, 0x05550000)
  to   space 1472K,   0% used [0x05550000, 0x05550000, 0x056c0000)
 tenured generation   total 30112K, used 18067K [0x09d50000, 0x0bab8000, 0x14800000)
   the space 30112K,  59% used [0x09d50000, 0x0aef4c08, 0x0aef4e00, 0x0bab8000)
 Metaspace       used 12240K, capacity 12445K, committed 12544K, reserved 12672K
Event: 11.917 GC heap after
Heap after GC invocations=11 (full 2):
 def new generation   total 13632K, used 1472K [0x04800000, 0x056c0000, 0x09d50000)
  eden space 12160K,   0% used [0x04800000, 0x04800000, 0x053e0000)
  from space 1472K, 100% used [0x05550000, 0x056c0000, 0x056c0000)
  to   space 1472K,   0% used [0x053e0000, 0x053e0000, 0x05550000)
 tenured generation   total 30112K, used 26815K [0x09d50000, 0x0bab8000, 0x14800000)
   the space 30112K,  89% used [0x09d50000, 0x0b77fef8, 0x0b780000, 0x0bab8000)
 Metaspace       used 12240K, capacity 12445K, committed 12544K, reserved 12672K
}

