# JRE version: Java(TM) SE Runtime Environment (8.0_191-b12) (build 1.8.0_191-b12)
# Java VM: Java HotSpot(TM) Client VM (25.191-b12 mixed mode windows-x86 )
Heap:
 def new generation   total 78656K, used 20826K [0x04600000, 0x09b50000, 0x09b50000)
  eden space 69952K,  29% used [0x04600000, 0x05a568e0, 0x08a50000)
  from space 8704K,   0% used [0x08a50000, 0x08a50000, 0x092d0000)
  to   space 8704K,   0% used [0x092d0000, 0x092d0000, 0x09b50000)
 tenured generation   total 174784K, used 131159K [0x09b50000, 0x14600000, 0x14600000)
   the space 174784K,  75% used [0x09b50000, 0x11b65ff8, 0x11b66000, 0x14600000)
 Metaspace       used 12231K, capacity 12413K, committed 12544K, reserved 12672K
GC Heap History (10 events):
Event: 16.282 GC heap before
{Heap before GC invocations=12 (full 2):
 def new generation   total 16640K, used 16640K [0x04600000, 0x05800000, 0x09b50000)
  eden space 14848K, 100% used [0x04600000, 0x05480000, 0x05480000)
  from space 1792K, 100% used [0x05640000, 0x05800000, 0x05800000)
  to   space 1792K,   0% used [0x05480000, 0x05480000, 0x05640000)
 tenured generation   total 36776K, used 30437K [0x09b50000, 0x0bf3a000, 0x14600000)
   the space 36776K,  82% used [0x09b50000, 0x0b9095f0, 0x0b909600, 0x0bf3a000)
 Metaspace       used 12170K, capacity 12381K, committed 12544K, reserved 12672K
Event: 16.361 GC heap after
Heap after GC invocations=13 (full 3):
 def new generation   total 30272K, used 1044K [0x04600000, 0x066d0000, 0x09b50000)
  eden space 26944K,   3% used [0x04600000, 0x04705080, 0x06050000)
  from space 3328K,   0% used [0x06050000, 0x06050000, 0x06390000)
  to   space 3328K,   0% used [0x06390000, 0x06390000, 0x066d0000)
 tenured generation   total 67176K, used 40304K [0x09b50000, 0x0dcea000, 0x14600000)
   the space 67176K,  59% used [0x09b50000, 0x0c2ac040, 0x0c2ac200, 0x0dcea000)
 Metaspace       used 12170K, capacity 12381K, committed 12544K, reserved 12672K
}
Event: 16.387 GC heap before
{Heap before GC invocations=13 (full 3):
 def new generation   total 30272K, used 26944K [0x04600000, 0x066d0000, 0x09b50000)
  eden space 26944K, 100% used [0x04600000, 0x06050000, 0x06050000)
  from space 3328K,   0% used [0x06050000, 0x06050000, 0x06390000)
  to   space 3328K,   0% used [0x06390000, 0x06390000, 0x066d0000)
 tenured generation   total 67176K, used 40304K [0x09b50000, 0x0dcea000, 0x14600000)
   the space 67176K,  59% used [0x09b50000, 0x0c2ac040, 0x0c2ac200, 0x0dcea000)
 Metaspace       used 12170K, capacity 12381K, committed 12544K, reserved 12672K
Event: 16.431 GC heap after
Heap after GC invocations=14 (full 3):
 def new generation   total 30272K, used 3328K [0x04600000, 0x066d0000, 0x09b50000)
  eden space 26944K,   0% used [0x04600000, 0x04600000, 0x06050000)
  from space 3328K, 100% used [0x06390000, 0x066d0000, 0x066d0000)
  to   space 3328K,   0% used [0x06050000, 0x06050000, 0x06390000)
 tenured generation   total 67176K, used 56462K [0x09b50000, 0x0dcea000, 0x14600000)
   the space 67176K,  84% used [0x09b50000, 0x0d2738e8, 0x0d273a00, 0x0dcea000)
 Metaspace       used 12170K, capacity 12381K, committed 12544K, reserved 12672K
}
Event: 16.453 GC heap before
{Heap before GC invocations=14 (full 3):
 def new generation   total 30272K, used 30272K [0x04600000, 0x066d0000, 0x09b50000)
  eden space 26944K, 100% used [0x04600000, 0x06050000, 0x06050000)
  from space 3328K, 100% used [0x06390000, 0x066d0000, 0x066d0000)
  to   space 3328K,   0% used [0x06050000, 0x06050000, 0x06390000)
 tenured generation   total 67176K, used 56462K [0x09b50000, 0x0dcea000, 0x14600000)
   the space 67176K,  84% used [0x09b50000, 0x0d2738e8, 0x0d273a00, 0x0dcea000)
 Metaspace       used 12170K, capacity 12381K, committed 12544K, reserved 12672K
Event: 16.621 GC heap after
Heap after GC invocations=15 (full 4):
 def new generation   total 55872K, used 151K [0x04600000, 0x082a0000, 0x09b50000)
  eden space 49664K,   0% used [0x04600000, 0x04625c28, 0x07680000)
  from space 6208K,   0% used [0x07680000, 0x07680000, 0x07c90000)
  to   space 6208K,   0% used [0x07c90000, 0x07c90000, 0x082a0000)
 tenured generation   total 124120K, used 74472K [0x09b50000, 0x11486000, 0x14600000)
   the space 124120K,  60% used [0x09b50000, 0x0e40a000, 0x0e40a000, 0x11486000)
 Metaspace       used 12170K, capacity 12381K, committed 12544K, reserved 12672K
}
Event: 16.668 GC heap before
{Heap before GC invocations=15 (full 4):
 def new generation   total 55872K, used 49664K [0x04600000, 0x082a0000, 0x09b50000)
  eden space 49664K, 100% used [0x04600000, 0x07680000, 0x07680000)
  from space 6208K,   0% used [0x07680000, 0x07680000, 0x07c90000)
  to   space 6208K,   0% used [0x07c90000, 0x07c90000, 0x082a0000)
 tenured generation   total 124120K, used 74472K [0x09b50000, 0x11486000, 0x14600000)
   the space 124120K,  60% used [0x09b50000, 0x0e40a000, 0x0e40a000, 0x11486000)
 Metaspace       used 12170K, capacity 12381K, committed 12544K, reserved 12672K
Event: 16.754 GC heap after
Heap after GC invocations=16 (full 4):
 def new generation   total 55872K, used 6208K [0x04600000, 0x082a0000, 0x09b50000)
  eden space 49664K,   0% used [0x04600000, 0x04600000, 0x07680000)
  from space 6208K, 100% used [0x07c90000, 0x082a0000, 0x082a0000)
  to   space 6208K,   0% used [0x07680000, 0x07680000, 0x07c90000)
 tenured generation   total 124120K, used 105685K [0x09b50000, 0x11486000, 0x14600000)
   the space 124120K,  85% used [0x09b50000, 0x102854f0, 0x10285600, 0x11486000)
 Metaspace       used 12170K, capacity 12381K, committed 12544K, reserved 12672K
}
Event: 17.032 GC heap before
{Heap before GC invocations=16 (full 4):
 def new generation   total 55872K, used 55872K [0x04600000, 0x082a0000, 0x09b50000)
  eden space 49664K, 100% used [0x04600000, 0x07680000, 0x07680000)
  from space 6208K, 100% used [0x07c90000, 0x082a0000, 0x082a0000)
  to   space 6208K,   0% used [0x07680000, 0x07680000, 0x07c90000)
 tenured generation   total 124120K, used 105685K [0x09b50000, 0x11486000, 0x14600000)
   the space 124120K,  85% used [0x09b50000, 0x102854f0, 0x10285600, 0x11486000)
 Metaspace       used 12228K, capacity 12413K, committed 12544K, reserved 12672K
Event: 17.268 GC heap after
Heap after GC invocations=17 (full 5):
 def new generation   total 78656K, used 6159K [0x04600000, 0x09b50000, 0x09b50000)
  eden space 69952K,   8% used [0x04600000, 0x04c03f20, 0x08a50000)
  from space 8704K,   0% used [0x08a50000, 0x08a50000, 0x092d0000)
  to   space 8704K,   0% used [0x092d0000, 0x092d0000, 0x09b50000)
 tenured generation   total 174784K, used 131159K [0x09b50000, 0x14600000, 0x14600000)
   the space 174784K,  75% used [0x09b50000, 0x11b65ff8, 0x11b66000, 0x14600000)
 Metaspace       used 12228K, capacity 12413K, committed 12544K, reserved 12672K
}

