# JRE version: Java(TM) SE Runtime Environment (8.0_191-b12) (build 1.8.0_191-b12)
# Java VM: Java HotSpot(TM) Client VM (25.191-b12 mixed mode windows-x86 )
Heap:
 def new generation   total 78656K, used 45367K [0x04c00000, 0x0a150000, 0x0a150000)
  eden space 69952K,  52% used [0x04c00000, 0x06fcdc60, 0x09050000)
  from space 8704K, 100% used [0x098d0000, 0x0a150000, 0x0a150000)
  to   space 8704K,   0% used [0x09050000, 0x09050000, 0x098d0000)
 tenured generation   total 174784K, used 155156K [0x0a150000, 0x14c00000, 0x14c00000)
   the space 174784K,  88% used [0x0a150000, 0x138d52c0, 0x138d5400, 0x14c00000)
 Metaspace       used 12230K, capacity 12413K, committed 12544K, reserved 12672K
GC Heap History (10 events):
Event: 13.884 GC heap before
{Heap before GC invocations=16 (full 3):
 def new generation   total 25024K, used 22272K [0x04c00000, 0x06720000, 0x0a150000)
  eden space 22272K, 100% used [0x04c00000, 0x061c0000, 0x061c0000)
  from space 2752K,   0% used [0x061c0000, 0x061c0000, 0x06470000)
  to   space 2752K,   0% used [0x06470000, 0x06470000, 0x06720000)
 tenured generation   total 55468K, used 33279K [0x0a150000, 0x0d77b000, 0x14c00000)
   the space 55468K,  59% used [0x0a150000, 0x0c1cffa8, 0x0c1d0000, 0x0d77b000)
 Metaspace       used 12170K, capacity 12381K, committed 12544K, reserved 12672K
Event: 13.920 GC heap after
Heap after GC invocations=17 (full 3):
 def new generation   total 25024K, used 2752K [0x04c00000, 0x06720000, 0x0a150000)
  eden space 22272K,   0% used [0x04c00000, 0x04c00000, 0x061c0000)
  from space 2752K, 100% used [0x06470000, 0x06720000, 0x06720000)
  to   space 2752K,   0% used [0x061c0000, 0x061c0000, 0x06470000)
 tenured generation   total 55468K, used 46060K [0x0a150000, 0x0d77b000, 0x14c00000)
   the space 55468K,  83% used [0x0a150000, 0x0ce4b098, 0x0ce4b200, 0x0d77b000)
 Metaspace       used 12170K, capacity 12381K, committed 12544K, reserved 12672K
}
Event: 13.940 GC heap before
{Heap before GC invocations=17 (full 3):
 def new generation   total 25024K, used 25024K [0x04c00000, 0x06720000, 0x0a150000)
  eden space 22272K, 100% used [0x04c00000, 0x061c0000, 0x061c0000)
  from space 2752K, 100% used [0x06470000, 0x06720000, 0x06720000)
  to   space 2752K,   0% used [0x061c0000, 0x061c0000, 0x06470000)
 tenured generation   total 55468K, used 46060K [0x0a150000, 0x0d77b000, 0x14c00000)
   the space 55468K,  83% used [0x0a150000, 0x0ce4b098, 0x0ce4b200, 0x0d77b000)
 Metaspace       used 12170K, capacity 12381K, committed 12544K, reserved 12672K
Event: 14.071 GC heap after
Heap after GC invocations=18 (full 4):
 def new generation   total 45568K, used 1047K [0x04c00000, 0x07d70000, 0x0a150000)
  eden space 40512K,   2% used [0x04c00000, 0x04d05fa8, 0x07390000)
  from space 5056K,   0% used [0x07390000, 0x07390000, 0x07880000)
  to   space 5056K,   0% used [0x07880000, 0x07880000, 0x07d70000)
 tenured generation   total 101196K, used 60715K [0x0a150000, 0x10423000, 0x14c00000)
   the space 101196K,  59% used [0x0a150000, 0x0dc9aff8, 0x0dc9b000, 0x10423000)
 Metaspace       used 12170K, capacity 12381K, committed 12544K, reserved 12672K
}
Event: 14.107 GC heap before
{Heap before GC invocations=18 (full 4):
 def new generation   total 45568K, used 40512K [0x04c00000, 0x07d70000, 0x0a150000)
  eden space 40512K, 100% used [0x04c00000, 0x07390000, 0x07390000)
  from space 5056K,   0% used [0x07390000, 0x07390000, 0x07880000)
  to   space 5056K,   0% used [0x07880000, 0x07880000, 0x07d70000)
 tenured generation   total 101196K, used 60715K [0x0a150000, 0x10423000, 0x14c00000)
   the space 101196K,  59% used [0x0a150000, 0x0dc9aff8, 0x0dc9b000, 0x10423000)
 Metaspace       used 12170K, capacity 12381K, committed 12544K, reserved 12672K
Event: 14.180 GC heap after
Heap after GC invocations=19 (full 4):
 def new generation   total 45568K, used 5056K [0x04c00000, 0x07d70000, 0x0a150000)
  eden space 40512K,   0% used [0x04c00000, 0x04c00000, 0x07390000)
  from space 5056K, 100% used [0x07880000, 0x07d70000, 0x07d70000)
  to   space 5056K,   0% used [0x07390000, 0x07390000, 0x07880000)
 tenured generation   total 101196K, used 85276K [0x0a150000, 0x10423000, 0x14c00000)
   the space 101196K,  84% used [0x0a150000, 0x0f497078, 0x0f497200, 0x10423000)
 Metaspace       used 12170K, capacity 12381K, committed 12544K, reserved 12672K
}
Event: 14.220 GC heap before
{Heap before GC invocations=19 (full 4):
 def new generation   total 45568K, used 45568K [0x04c00000, 0x07d70000, 0x0a150000)
  eden space 40512K, 100% used [0x04c00000, 0x07390000, 0x07390000)
  from space 5056K, 100% used [0x07880000, 0x07d70000, 0x07d70000)
  to   space 5056K,   0% used [0x07390000, 0x07390000, 0x07880000)
 tenured generation   total 101196K, used 85276K [0x0a150000, 0x10423000, 0x14c00000)
   the space 101196K,  84% used [0x0a150000, 0x0f497078, 0x0f497200, 0x10423000)
 Metaspace       used 12170K, capacity 12381K, committed 12544K, reserved 12672K
Event: 14.420 GC heap after
Heap after GC invocations=20 (full 5):
 def new generation   total 78656K, used 4996K [0x04c00000, 0x0a150000, 0x0a150000)
  eden space 69952K,   7% used [0x04c00000, 0x050e1100, 0x09050000)
  from space 8704K,   0% used [0x09050000, 0x09050000, 0x098d0000)
  to   space 8704K,   0% used [0x098d0000, 0x098d0000, 0x0a150000)
 tenured generation   total 174784K, used 114635K [0x0a150000, 0x14c00000, 0x14c00000)
   the space 174784K,  65% used [0x0a150000, 0x11142ff0, 0x11143000, 0x14c00000)
 Metaspace       used 12170K, capacity 12381K, committed 12544K, reserved 12672K
}
Event: 14.477 GC heap before
{Heap before GC invocations=20 (full 5):
 def new generation   total 78656K, used 69952K [0x04c00000, 0x0a150000, 0x0a150000)
  eden space 69952K, 100% used [0x04c00000, 0x09050000, 0x09050000)
  from space 8704K,   0% used [0x09050000, 0x09050000, 0x098d0000)
  to   space 8704K,   0% used [0x098d0000, 0x098d0000, 0x0a150000)
 tenured generation   total 174784K, used 114635K [0x0a150000, 0x14c00000, 0x14c00000)
   the space 174784K,  65% used [0x0a150000, 0x11142ff0, 0x11143000, 0x14c00000)
 Metaspace       used 12170K, capacity 12381K, committed 12544K, reserved 12672K
Event: 14.597 GC heap after
Heap after GC invocations=21 (full 5):
 def new generation   total 78656K, used 8704K [0x04c00000, 0x0a150000, 0x0a150000)
  eden space 69952K,   0% used [0x04c00000, 0x04c00000, 0x09050000)
  from space 8704K, 100% used [0x098d0000, 0x0a150000, 0x0a150000)
  to   space 8704K,   0% used [0x09050000, 0x09050000, 0x098d0000)
 tenured generation   total 174784K, used 155156K [0x0a150000, 0x14c00000, 0x14c00000)
   the space 174784K,  88% used [0x0a150000, 0x138d52c0, 0x138d5400, 0x14c00000)
 Metaspace       used 12170K, capacity 12381K, committed 12544K, reserved 12672K
}

