# JRE version: Java(TM) SE Runtime Environment (8.0_191-b12) (build 1.8.0_191-b12)
# Java VM: Java HotSpot(TM) Client VM (25.191-b12 mixed mode windows-x86 )
Heap:
 def new generation   total 13376K, used 4456K [0x05200000, 0x06080000, 0x0a750000)
  eden space 11904K,  37% used [0x05200000, 0x0565a178, 0x05da0000)
  from space 1472K,   0% used [0x05da0000, 0x05da0000, 0x05f10000)
  to   space 1472K,   0% used [0x05f10000, 0x05f10000, 0x06080000)
 tenured generation   total 29664K, used 17798K [0x0a750000, 0x0c448000, 0x15200000)
   the space 29664K,  59% used [0x0a750000, 0x0b8b1968, 0x0b8b1a00, 0x0c448000)
 Metaspace       used 12169K, capacity 12381K, committed 12544K, reserved 12672K
GC Heap History (10 events):
Event: 6.482 GC heap before
{Heap before GC invocations=5 (full 0):
 def new generation   total 4928K, used 4541K [0x05200000, 0x05750000, 0x0a750000)
  eden space 4416K, 100% used [0x05200000, 0x05650000, 0x05650000)
  from space 512K,  24% used [0x056d0000, 0x056ef4d0, 0x05750000)
  to   space 512K,   0% used [0x05650000, 0x05650000, 0x056d0000)
 tenured generation   total 10944K, used 8278K [0x0a750000, 0x0b200000, 0x15200000)
   the space 10944K,  75% used [0x0a750000, 0x0af65878, 0x0af65a00, 0x0b200000)
 Metaspace       used 8353K, capacity 8540K, committed 8704K, reserved 9600K
Event: 6.497 GC heap after
Heap after GC invocations=6 (full 1):
 def new generation   total 8704K, used 0K [0x05200000, 0x05b70000, 0x0a750000)
  eden space 7744K,   0% used [0x05200000, 0x05200000, 0x05990000)
  from space 960K,   0% used [0x05990000, 0x05990000, 0x05a80000)
  to   space 960K,   0% used [0x05a80000, 0x05a80000, 0x05b70000)
 tenured generation   total 19184K, used 11510K [0x0a750000, 0x0ba0c000, 0x15200000)
   the space 19184K,  59% used [0x0a750000, 0x0b28d8e0, 0x0b28da00, 0x0ba0c000)
 Metaspace       used 8353K, capacity 8540K, committed 8704K, reserved 9600K
}
Event: 8.921 GC heap before
{Heap before GC invocations=6 (full 1):
 def new generation   total 8704K, used 7744K [0x05200000, 0x05b70000, 0x0a750000)
  eden space 7744K, 100% used [0x05200000, 0x05990000, 0x05990000)
  from space 960K,   0% used [0x05990000, 0x05990000, 0x05a80000)
  to   space 960K,   0% used [0x05a80000, 0x05a80000, 0x05b70000)
 tenured generation   total 19184K, used 11510K [0x0a750000, 0x0ba0c000, 0x15200000)
   the space 19184K,  59% used [0x0a750000, 0x0b28d8e0, 0x0b28da00, 0x0ba0c000)
 Metaspace       used 10584K, capacity 10766K, committed 10880K, reserved 11648K
Event: 8.926 GC heap after
Heap after GC invocations=7 (full 1):
 def new generation   total 8704K, used 960K [0x05200000, 0x05b70000, 0x0a750000)
  eden space 7744K,   0% used [0x05200000, 0x05200000, 0x05990000)
  from space 960K, 100% used [0x05a80000, 0x05b70000, 0x05b70000)
  to   space 960K,   0% used [0x05990000, 0x05990000, 0x05a80000)
 tenured generation   total 19184K, used 12145K [0x0a750000, 0x0ba0c000, 0x15200000)
   the space 19184K,  63% used [0x0a750000, 0x0b32c770, 0x0b32c800, 0x0ba0c000)
 Metaspace       used 10584K, capacity 10766K, committed 10880K, reserved 11648K
}
Event: 9.017 GC heap before
{Heap before GC invocations=7 (full 1):
 def new generation   total 8704K, used 8704K [0x05200000, 0x05b70000, 0x0a750000)
  eden space 7744K, 100% used [0x05200000, 0x05990000, 0x05990000)
  from space 960K, 100% used [0x05a80000, 0x05b70000, 0x05b70000)
  to   space 960K,   0% used [0x05990000, 0x05990000, 0x05a80000)
 tenured generation   total 19184K, used 12145K [0x0a750000, 0x0ba0c000, 0x15200000)
   the space 19184K,  63% used [0x0a750000, 0x0b32c770, 0x0b32c800, 0x0ba0c000)
 Metaspace       used 11061K, capacity 11300K, committed 11392K, reserved 11648K
Event: 9.022 GC heap after
Heap after GC invocations=8 (full 1):
 def new generation   total 8704K, used 960K [0x05200000, 0x05b70000, 0x0a750000)
  eden space 7744K,   0% used [0x05200000, 0x05200000, 0x05990000)
  from space 960K, 100% used [0x05990000, 0x05a80000, 0x05a80000)
  to   space 960K,   0% used [0x05a80000, 0x05a80000, 0x05b70000)
 tenured generation   total 19184K, used 13266K [0x0a750000, 0x0ba0c000, 0x15200000)
   the space 19184K,  69% used [0x0a750000, 0x0b444b58, 0x0b444c00, 0x0ba0c000)
 Metaspace       used 11061K, capacity 11300K, committed 11392K, reserved 11648K
}
Event: 9.526 GC heap before
{Heap before GC invocations=8 (full 1):
 def new generation   total 8704K, used 8704K [0x05200000, 0x05b70000, 0x0a750000)
  eden space 7744K, 100% used [0x05200000, 0x05990000, 0x05990000)
  from space 960K, 100% used [0x05990000, 0x05a80000, 0x05a80000)
  to   space 960K,   0% used [0x05a80000, 0x05a80000, 0x05b70000)
 tenured generation   total 19184K, used 13266K [0x0a750000, 0x0ba0c000, 0x15200000)
   the space 19184K,  69% used [0x0a750000, 0x0b444b58, 0x0b444c00, 0x0ba0c000)
 Metaspace       used 11803K, capacity 12041K, committed 12160K, reserved 12672K
Event: 9.535 GC heap after
Heap after GC invocations=9 (full 1):
 def new generation   total 8704K, used 960K [0x05200000, 0x05b70000, 0x0a750000)
  eden space 7744K,   0% used [0x05200000, 0x05200000, 0x05990000)
  from space 960K, 100% used [0x05a80000, 0x05b70000, 0x05b70000)
  to   space 960K,   0% used [0x05990000, 0x05990000, 0x05a80000)
 tenured generation   total 19184K, used 14866K [0x0a750000, 0x0ba0c000, 0x15200000)
   the space 19184K,  77% used [0x0a750000, 0x0b5d4850, 0x0b5d4a00, 0x0ba0c000)
 Metaspace       used 11803K, capacity 12041K, committed 12160K, reserved 12672K
}
Event: 12.454 GC heap before
{Heap before GC invocations=9 (full 1):
 def new generation   total 8704K, used 8704K [0x05200000, 0x05b70000, 0x0a750000)
  eden space 7744K, 100% used [0x05200000, 0x05990000, 0x05990000)
  from space 960K, 100% used [0x05a80000, 0x05b70000, 0x05b70000)
  to   space 960K,   0% used [0x05990000, 0x05990000, 0x05a80000)
 tenured generation   total 19184K, used 14866K [0x0a750000, 0x0ba0c000, 0x15200000)
   the space 19184K,  77% used [0x0a750000, 0x0b5d4850, 0x0b5d4a00, 0x0ba0c000)
 Metaspace       used 12112K, capacity 12329K, committed 12416K, reserved 12672K
Event: 12.500 GC heap after
Heap after GC invocations=10 (full 2):
 def new generation   total 13376K, used 0K [0x05200000, 0x06080000, 0x0a750000)
  eden space 11904K,   0% used [0x05200000, 0x05200000, 0x05da0000)
  from space 1472K,   0% used [0x05da0000, 0x05da0000, 0x05f10000)
  to   space 1472K,   0% used [0x05f10000, 0x05f10000, 0x06080000)
 tenured generation   total 29664K, used 17798K [0x0a750000, 0x0c448000, 0x15200000)
   the space 29664K,  59% used [0x0a750000, 0x0b8b1968, 0x0b8b1a00, 0x0c448000)
 Metaspace       used 12107K, capacity 12317K, committed 12416K, reserved 12672K
}

