# JRE version: Java(TM) SE Runtime Environment (8.0_191-b12) (build 1.8.0_191-b12)
# Java VM: Java HotSpot(TM) Client VM (25.191-b12 mixed mode, sharing windows-x86 )
Heap:
 def new generation   total 15296K, used 12346K [0x04400000, 0x05490000, 0x09950000)
  eden space 13632K,  90% used [0x04400000, 0x0500e848, 0x05150000)
  from space 1664K,   0% used [0x05150000, 0x05150000, 0x052f0000)
  to   space 1664K,   0% used [0x052f0000, 0x052f0000, 0x05490000)
 tenured generation   total 33788K, used 20271K [0x09950000, 0x0ba4f000, 0x14400000)
   the space 33788K,  59% used [0x09950000, 0x0ad1bf20, 0x0ad1c000, 0x0ba4f000)
 Metaspace       used 4519K, capacity 4731K, committed 4864K, reserved 5504K
GC Heap History (10 events):
Event: 4.457 GC heap before
{Heap before GC invocations=6 (full 1):
 def new generation   total 8704K, used 7744K [0x04400000, 0x04d70000, 0x09950000)
  eden space 7744K, 100% used [0x04400000, 0x04b90000, 0x04b90000)
  from space 960K,   0% used [0x04b90000, 0x04b90000, 0x04c80000)
  to   space 960K,   0% used [0x04c80000, 0x04c80000, 0x04d70000)
 tenured generation   total 19276K, used 11564K [0x09950000, 0x0ac23000, 0x14400000)
   the space 19276K,  59% used [0x09950000, 0x0a49b138, 0x0a49b200, 0x0ac23000)
 Metaspace       used 2341K, capacity 2640K, committed 2752K, reserved 4480K
Event: 4.464 GC heap after
Heap after GC invocations=7 (full 1):
 def new generation   total 8704K, used 960K [0x04400000, 0x04d70000, 0x09950000)
  eden space 7744K,   0% used [0x04400000, 0x04400000, 0x04b90000)
  from space 960K, 100% used [0x04c80000, 0x04d70000, 0x04d70000)
  to   space 960K,   0% used [0x04b90000, 0x04b90000, 0x04c80000)
 tenured generation   total 19276K, used 12018K [0x09950000, 0x0ac23000, 0x14400000)
   the space 19276K,  62% used [0x09950000, 0x0a50cac0, 0x0a50cc00, 0x0ac23000)
 Metaspace       used 2341K, capacity 2640K, committed 2752K, reserved 4480K
}
Event: 5.030 GC heap before
{Heap before GC invocations=7 (full 1):
 def new generation   total 8704K, used 8704K [0x04400000, 0x04d70000, 0x09950000)
  eden space 7744K, 100% used [0x04400000, 0x04b90000, 0x04b90000)
  from space 960K, 100% used [0x04c80000, 0x04d70000, 0x04d70000)
  to   space 960K,   0% used [0x04b90000, 0x04b90000, 0x04c80000)
 tenured generation   total 19276K, used 12018K [0x09950000, 0x0ac23000, 0x14400000)
   the space 19276K,  62% used [0x09950000, 0x0a50cac0, 0x0a50cc00, 0x0ac23000)
 Metaspace       used 2783K, capacity 3008K, committed 3008K, reserved 4480K
Event: 5.036 GC heap after
Heap after GC invocations=8 (full 1):
 def new generation   total 8704K, used 959K [0x04400000, 0x04d70000, 0x09950000)
  eden space 7744K,   0% used [0x04400000, 0x04400000, 0x04b90000)
  from space 960K,  99% used [0x04b90000, 0x04c7fff8, 0x04c80000)
  to   space 960K,   0% used [0x04c80000, 0x04c80000, 0x04d70000)
 tenured generation   total 19276K, used 13322K [0x09950000, 0x0ac23000, 0x14400000)
   the space 19276K,  69% used [0x09950000, 0x0a6529d8, 0x0a652a00, 0x0ac23000)
 Metaspace       used 2783K, capacity 3008K, committed 3008K, reserved 4480K
}
Event: 6.769 GC heap before
{Heap before GC invocations=8 (full 1):
 def new generation   total 8704K, used 8703K [0x04400000, 0x04d70000, 0x09950000)
  eden space 7744K, 100% used [0x04400000, 0x04b90000, 0x04b90000)
  from space 960K,  99% used [0x04b90000, 0x04c7fff8, 0x04c80000)
  to   space 960K,   0% used [0x04c80000, 0x04c80000, 0x04d70000)
 tenured generation   total 19276K, used 13322K [0x09950000, 0x0ac23000, 0x14400000)
   the space 19276K,  69% used [0x09950000, 0x0a6529d8, 0x0a652a00, 0x0ac23000)
 Metaspace       used 3656K, capacity 3877K, committed 3904K, reserved 4480K
Event: 6.776 GC heap after
Heap after GC invocations=9 (full 1):
 def new generation   total 8704K, used 960K [0x04400000, 0x04d70000, 0x09950000)
  eden space 7744K,   0% used [0x04400000, 0x04400000, 0x04b90000)
  from space 960K, 100% used [0x04c80000, 0x04d70000, 0x04d70000)
  to   space 960K,   0% used [0x04b90000, 0x04b90000, 0x04c80000)
 tenured generation   total 19276K, used 14240K [0x09950000, 0x0ac23000, 0x14400000)
   the space 19276K,  73% used [0x09950000, 0x0a738250, 0x0a738400, 0x0ac23000)
 Metaspace       used 3656K, capacity 3877K, committed 3904K, reserved 4480K
}
Event: 10.255 GC heap before
{Heap before GC invocations=9 (full 1):
 def new generation   total 8704K, used 8704K [0x04400000, 0x04d70000, 0x09950000)
  eden space 7744K, 100% used [0x04400000, 0x04b90000, 0x04b90000)
  from space 960K, 100% used [0x04c80000, 0x04d70000, 0x04d70000)
  to   space 960K,   0% used [0x04b90000, 0x04b90000, 0x04c80000)
 tenured generation   total 19276K, used 14240K [0x09950000, 0x0ac23000, 0x14400000)
   the space 19276K,  73% used [0x09950000, 0x0a738250, 0x0a738400, 0x0ac23000)
 Metaspace       used 4461K, capacity 4650K, committed 4736K, reserved 5504K
Event: 10.268 GC heap after
Heap after GC invocations=10 (full 1):
 def new generation   total 8704K, used 960K [0x04400000, 0x04d70000, 0x09950000)
  eden space 7744K,   0% used [0x04400000, 0x04400000, 0x04b90000)
  from space 960K, 100% used [0x04b90000, 0x04c80000, 0x04c80000)
  to   space 960K,   0% used [0x04c80000, 0x04c80000, 0x04d70000)
 tenured generation   total 19276K, used 15955K [0x09950000, 0x0ac23000, 0x14400000)
   the space 19276K,  82% used [0x09950000, 0x0a8e4d70, 0x0a8e4e00, 0x0ac23000)
 Metaspace       used 4461K, capacity 4650K, committed 4736K, reserved 5504K
}
Event: 10.303 GC heap before
{Heap before GC invocations=10 (full 1):
 def new generation   total 8704K, used 8637K [0x04400000, 0x04d70000, 0x09950000)
  eden space 7744K,  99% used [0x04400000, 0x04b7f4d0, 0x04b90000)
  from space 960K, 100% used [0x04b90000, 0x04c80000, 0x04c80000)
  to   space 960K,   0% used [0x04c80000, 0x04c80000, 0x04d70000)
 tenured generation   total 19276K, used 15955K [0x09950000, 0x0ac23000, 0x14400000)
   the space 19276K,  82% used [0x09950000, 0x0a8e4d70, 0x0a8e4e00, 0x0ac23000)
 Metaspace       used 4461K, capacity 4650K, committed 4736K, reserved 5504K
Event: 10.371 GC heap after
Heap after GC invocations=11 (full 2):
 def new generation   total 15296K, used 0K [0x04400000, 0x05490000, 0x09950000)
  eden space 13632K,   0% used [0x04400000, 0x04400000, 0x05150000)
  from space 1664K,   0% used [0x05150000, 0x05150000, 0x052f0000)
  to   space 1664K,   0% used [0x052f0000, 0x052f0000, 0x05490000)
 tenured generation   total 33788K, used 20271K [0x09950000, 0x0ba4f000, 0x14400000)
   the space 33788K,  59% used [0x09950000, 0x0ad1bf20, 0x0ad1c000, 0x0ba4f000)
 Metaspace       used 4454K, capacity 4635K, committed 4736K, reserved 5504K
}

