# JRE version: Java(TM) SE Runtime Environment (8.0_191-b12) (build 1.8.0_191-b12)
# Java VM: Java HotSpot(TM) Client VM (25.191-b12 mixed mode windows-x86 )
Heap:
 def new generation   total 13632K, used 3569K [0x04a00000, 0x058c0000, 0x09f50000)
  eden space 12160K,  17% used [0x04a00000, 0x04c0c650, 0x055e0000)
  from space 1472K,  99% used [0x05750000, 0x058bfff8, 0x058c0000)
  to   space 1472K,   0% used [0x055e0000, 0x055e0000, 0x05750000)
 tenured generation   total 30128K, used 26816K [0x09f50000, 0x0bcbc000, 0x14a00000)
   the space 30128K,  89% used [0x09f50000, 0x0b980138, 0x0b980200, 0x0bcbc000)
 Metaspace       used 12301K, capacity 12509K, committed 12672K, reserved 12672K
GC Heap History (10 events):
Event: 5.318 GC heap before
{Heap before GC invocations=6 (full 1):
 def new generation   total 8512K, used 8512K [0x04a00000, 0x05330000, 0x09f50000)
  eden space 7616K, 100% used [0x04a00000, 0x05170000, 0x05170000)
  from space 896K, 100% used [0x05250000, 0x05330000, 0x05330000)
  to   space 896K,   0% used [0x05170000, 0x05170000, 0x05250000)
 tenured generation   total 18704K, used 11727K [0x09f50000, 0x0b194000, 0x14a00000)
   the space 18704K,  62% used [0x09f50000, 0x0aac3c28, 0x0aac3e00, 0x0b194000)
 Metaspace       used 10426K, capacity 10626K, committed 10752K, reserved 11648K
Event: 5.328 GC heap after
Heap after GC invocations=7 (full 1):
 def new generation   total 8512K, used 896K [0x04a00000, 0x05330000, 0x09f50000)
  eden space 7616K,   0% used [0x04a00000, 0x04a00000, 0x05170000)
  from space 896K, 100% used [0x05170000, 0x05250000, 0x05250000)
  to   space 896K,   0% used [0x05250000, 0x05250000, 0x05330000)
 tenured generation   total 18704K, used 12990K [0x09f50000, 0x0b194000, 0x14a00000)
   the space 18704K,  69% used [0x09f50000, 0x0abffb78, 0x0abffc00, 0x0b194000)
 Metaspace       used 10426K, capacity 10626K, committed 10752K, reserved 11648K
}
Event: 7.106 GC heap before
{Heap before GC invocations=7 (full 1):
 def new generation   total 8512K, used 8512K [0x04a00000, 0x05330000, 0x09f50000)
  eden space 7616K, 100% used [0x04a00000, 0x05170000, 0x05170000)
  from space 896K, 100% used [0x05170000, 0x05250000, 0x05250000)
  to   space 896K,   0% used [0x05250000, 0x05250000, 0x05330000)
 tenured generation   total 18704K, used 12990K [0x09f50000, 0x0b194000, 0x14a00000)
   the space 18704K,  69% used [0x09f50000, 0x0abffb78, 0x0abffc00, 0x0b194000)
 Metaspace       used 11224K, capacity 11431K, committed 11520K, reserved 11648K
Event: 7.111 GC heap after
Heap after GC invocations=8 (full 1):
 def new generation   total 8512K, used 896K [0x04a00000, 0x05330000, 0x09f50000)
  eden space 7616K,   0% used [0x04a00000, 0x04a00000, 0x05170000)
  from space 896K, 100% used [0x05250000, 0x05330000, 0x05330000)
  to   space 896K,   0% used [0x05170000, 0x05170000, 0x05250000)
 tenured generation   total 18704K, used 14321K [0x09f50000, 0x0b194000, 0x14a00000)
   the space 18704K,  76% used [0x09f50000, 0x0ad4c698, 0x0ad4c800, 0x0b194000)
 Metaspace       used 11224K, capacity 11431K, committed 11520K, reserved 11648K
}
Event: 7.551 GC heap before
{Heap before GC invocations=8 (full 1):
 def new generation   total 8512K, used 8512K [0x04a00000, 0x05330000, 0x09f50000)
  eden space 7616K, 100% used [0x04a00000, 0x05170000, 0x05170000)
  from space 896K, 100% used [0x05250000, 0x05330000, 0x05330000)
  to   space 896K,   0% used [0x05170000, 0x05170000, 0x05250000)
 tenured generation   total 18704K, used 14321K [0x09f50000, 0x0b194000, 0x14a00000)
   the space 18704K,  76% used [0x09f50000, 0x0ad4c698, 0x0ad4c800, 0x0b194000)
 Metaspace       used 12089K, capacity 12300K, committed 12416K, reserved 12672K
Event: 7.561 GC heap after
Heap after GC invocations=9 (full 1):
 def new generation   total 8512K, used 896K [0x04a00000, 0x05330000, 0x09f50000)
  eden space 7616K,   0% used [0x04a00000, 0x04a00000, 0x05170000)
  from space 896K, 100% used [0x05170000, 0x05250000, 0x05250000)
  to   space 896K,   0% used [0x05250000, 0x05250000, 0x05330000)
 tenured generation   total 18704K, used 15426K [0x09f50000, 0x0b194000, 0x14a00000)
   the space 18704K,  82% used [0x09f50000, 0x0ae608f8, 0x0ae60a00, 0x0b194000)
 Metaspace       used 12089K, capacity 12300K, committed 12416K, reserved 12672K
}
Event: 10.831 GC heap before
{Heap before GC invocations=9 (full 1):
 def new generation   total 8512K, used 8512K [0x04a00000, 0x05330000, 0x09f50000)
  eden space 7616K, 100% used [0x04a00000, 0x05170000, 0x05170000)
  from space 896K, 100% used [0x05170000, 0x05250000, 0x05250000)
  to   space 896K,   0% used [0x05250000, 0x05250000, 0x05330000)
 tenured generation   total 18704K, used 15426K [0x09f50000, 0x0b194000, 0x14a00000)
   the space 18704K,  82% used [0x09f50000, 0x0ae608f8, 0x0ae60a00, 0x0b194000)
 Metaspace       used 12245K, capacity 12460K, committed 12544K, reserved 12672K
Event: 10.878 GC heap after
Heap after GC invocations=10 (full 2):
 def new generation   total 13632K, used 0K [0x04a00000, 0x058c0000, 0x09f50000)
  eden space 12160K,   0% used [0x04a00000, 0x04a00000, 0x055e0000)
  from space 1472K,   0% used [0x055e0000, 0x055e0000, 0x05750000)
  to   space 1472K,   0% used [0x05750000, 0x05750000, 0x058c0000)
 tenured generation   total 30128K, used 18075K [0x09f50000, 0x0bcbc000, 0x14a00000)
   the space 30128K,  59% used [0x09f50000, 0x0b0f6f38, 0x0b0f7000, 0x0bcbc000)
 Metaspace       used 12239K, capacity 12445K, committed 12544K, reserved 12672K
}
Event: 10.894 GC heap before
{Heap before GC invocations=10 (full 2):
 def new generation   total 13632K, used 12160K [0x04a00000, 0x058c0000, 0x09f50000)
  eden space 12160K, 100% used [0x04a00000, 0x055e0000, 0x055e0000)
  from space 1472K,   0% used [0x055e0000, 0x055e0000, 0x05750000)
  to   space 1472K,   0% used [0x05750000, 0x05750000, 0x058c0000)
 tenured generation   total 30128K, used 18075K [0x09f50000, 0x0bcbc000, 0x14a00000)
   the space 30128K,  59% used [0x09f50000, 0x0b0f6f38, 0x0b0f7000, 0x0bcbc000)
 Metaspace       used 12240K, capacity 12445K, committed 12544K, reserved 12672K
Event: 10.912 GC heap after
Heap after GC invocations=11 (full 2):
 def new generation   total 13632K, used 1471K [0x04a00000, 0x058c0000, 0x09f50000)
  eden space 12160K,   0% used [0x04a00000, 0x04a00000, 0x055e0000)
  from space 1472K,  99% used [0x05750000, 0x058bfff8, 0x058c0000)
  to   space 1472K,   0% used [0x055e0000, 0x055e0000, 0x05750000)
 tenured generation   total 30128K, used 26816K [0x09f50000, 0x0bcbc000, 0x14a00000)
   the space 30128K,  89% used [0x09f50000, 0x0b980138, 0x0b980200, 0x0bcbc000)
 Metaspace       used 12240K, capacity 12445K, committed 12544K, reserved 12672K
}

