# JRE version: Java(TM) SE Runtime Environment (8.0_191-b12) (build 1.8.0_191-b12)
# Java VM: Java HotSpot(TM) Client VM (25.191-b12 mixed mode windows-x86 )
Heap:
 def new generation   total 78656K, used 37104K [0x04800000, 0x09d50000, 0x09d50000)
  eden space 69952K,  40% used [0x04800000, 0x063bc238, 0x08c50000)
  from space 8704K, 100% used [0x094d0000, 0x09d50000, 0x09d50000)
  to   space 8704K,   0% used [0x08c50000, 0x08c50000, 0x094d0000)
 tenured generation   total 174784K, used 151822K [0x09d50000, 0x14800000, 0x14800000)
   the space 174784K,  86% used [0x09d50000, 0x13193828, 0x13193a00, 0x14800000)
 Metaspace       used 12229K, capacity 12413K, committed 12544K, reserved 12672K
GC Heap History (10 events):
Event: 10.410 GC heap before
{Heap before GC invocations=16 (full 3):
 def new generation   total 24768K, used 22080K [0x04800000, 0x062d0000, 0x09d50000)
  eden space 22080K, 100% used [0x04800000, 0x05d90000, 0x05d90000)
  from space 2688K,   0% used [0x05d90000, 0x05d90000, 0x06030000)
  to   space 2688K,   0% used [0x06030000, 0x06030000, 0x062d0000)
 tenured generation   total 54868K, used 32919K [0x09d50000, 0x0d2e5000, 0x14800000)
   the space 54868K,  59% used [0x09d50000, 0x0bd75e00, 0x0bd75e00, 0x0d2e5000)
 Metaspace       used 12170K, capacity 12381K, committed 12544K, reserved 12672K
Event: 10.446 GC heap after
Heap after GC invocations=17 (full 3):
 def new generation   total 24768K, used 2687K [0x04800000, 0x062d0000, 0x09d50000)
  eden space 22080K,   0% used [0x04800000, 0x04800000, 0x05d90000)
  from space 2688K,  99% used [0x06030000, 0x062cfff8, 0x062d0000)
  to   space 2688K,   0% used [0x05d90000, 0x05d90000, 0x06030000)
 tenured generation   total 54868K, used 45398K [0x09d50000, 0x0d2e5000, 0x14800000)
   the space 54868K,  82% used [0x09d50000, 0x0c9a5ae0, 0x0c9a5c00, 0x0d2e5000)
 Metaspace       used 12170K, capacity 12381K, committed 12544K, reserved 12672K
}
Event: 10.465 GC heap before
{Heap before GC invocations=17 (full 3):
 def new generation   total 24768K, used 24767K [0x04800000, 0x062d0000, 0x09d50000)
  eden space 22080K, 100% used [0x04800000, 0x05d90000, 0x05d90000)
  from space 2688K,  99% used [0x06030000, 0x062cfff8, 0x062d0000)
  to   space 2688K,   0% used [0x05d90000, 0x05d90000, 0x06030000)
 tenured generation   total 54868K, used 45398K [0x09d50000, 0x0d2e5000, 0x14800000)
   the space 54868K,  82% used [0x09d50000, 0x0c9a5ae0, 0x0c9a5c00, 0x0d2e5000)
 Metaspace       used 12170K, capacity 12381K, committed 12544K, reserved 12672K
Event: 10.593 GC heap after
Heap after GC invocations=18 (full 4):
 def new generation   total 44864K, used 1049K [0x04800000, 0x078a0000, 0x09d50000)
  eden space 39936K,   2% used [0x04800000, 0x04906670, 0x06f00000)
  from space 4928K,   0% used [0x06f00000, 0x06f00000, 0x073d0000)
  to   space 4928K,   0% used [0x073d0000, 0x073d0000, 0x078a0000)
 tenured generation   total 99556K, used 59731K [0x09d50000, 0x0fe89000, 0x14800000)
   the space 99556K,  59% used [0x09d50000, 0x0d7a4fe8, 0x0d7a5000, 0x0fe89000)
 Metaspace       used 12170K, capacity 12381K, committed 12544K, reserved 12672K
}
Event: 10.628 GC heap before
{Heap before GC invocations=18 (full 4):
 def new generation   total 44864K, used 39936K [0x04800000, 0x078a0000, 0x09d50000)
  eden space 39936K, 100% used [0x04800000, 0x06f00000, 0x06f00000)
  from space 4928K,   0% used [0x06f00000, 0x06f00000, 0x073d0000)
  to   space 4928K,   0% used [0x073d0000, 0x073d0000, 0x078a0000)
 tenured generation   total 99556K, used 59731K [0x09d50000, 0x0fe89000, 0x14800000)
   the space 99556K,  59% used [0x09d50000, 0x0d7a4fe8, 0x0d7a5000, 0x0fe89000)
 Metaspace       used 12170K, capacity 12381K, committed 12544K, reserved 12672K
Event: 10.698 GC heap after
Heap after GC invocations=19 (full 4):
 def new generation   total 44864K, used 4927K [0x04800000, 0x078a0000, 0x09d50000)
  eden space 39936K,   0% used [0x04800000, 0x04800000, 0x06f00000)
  from space 4928K,  99% used [0x073d0000, 0x0789fff8, 0x078a0000)
  to   space 4928K,   0% used [0x06f00000, 0x06f00000, 0x073d0000)
 tenured generation   total 99556K, used 83546K [0x09d50000, 0x0fe89000, 0x14800000)
   the space 99556K,  83% used [0x09d50000, 0x0eee6af8, 0x0eee6c00, 0x0fe89000)
 Metaspace       used 12170K, capacity 12381K, committed 12544K, reserved 12672K
}
Event: 10.732 GC heap before
{Heap before GC invocations=19 (full 4):
 def new generation   total 44864K, used 44863K [0x04800000, 0x078a0000, 0x09d50000)
  eden space 39936K, 100% used [0x04800000, 0x06f00000, 0x06f00000)
  from space 4928K,  99% used [0x073d0000, 0x0789fff8, 0x078a0000)
  to   space 4928K,   0% used [0x06f00000, 0x06f00000, 0x073d0000)
 tenured generation   total 99556K, used 83546K [0x09d50000, 0x0fe89000, 0x14800000)
   the space 99556K,  83% used [0x09d50000, 0x0eee6af8, 0x0eee6c00, 0x0fe89000)
 Metaspace       used 12170K, capacity 12381K, committed 12544K, reserved 12672K
Event: 10.925 GC heap after
Heap after GC invocations=20 (full 5):
 def new generation   total 78656K, used 4878K [0x04800000, 0x09d50000, 0x09d50000)
  eden space 69952K,   6% used [0x04800000, 0x04cc3a78, 0x08c50000)
  from space 8704K,   0% used [0x08c50000, 0x08c50000, 0x094d0000)
  to   space 8704K,   0% used [0x094d0000, 0x094d0000, 0x09d50000)
 tenured generation   total 174784K, used 112099K [0x09d50000, 0x14800000, 0x14800000)
   the space 174784K,  64% used [0x09d50000, 0x10ac8ff0, 0x10ac9000, 0x14800000)
 Metaspace       used 12170K, capacity 12381K, committed 12544K, reserved 12672K
}
Event: 10.982 GC heap before
{Heap before GC invocations=20 (full 5):
 def new generation   total 78656K, used 69952K [0x04800000, 0x09d50000, 0x09d50000)
  eden space 69952K, 100% used [0x04800000, 0x08c50000, 0x08c50000)
  from space 8704K,   0% used [0x08c50000, 0x08c50000, 0x094d0000)
  to   space 8704K,   0% used [0x094d0000, 0x094d0000, 0x09d50000)
 tenured generation   total 174784K, used 112099K [0x09d50000, 0x14800000, 0x14800000)
   the space 174784K,  64% used [0x09d50000, 0x10ac8ff0, 0x10ac9000, 0x14800000)
 Metaspace       used 12170K, capacity 12381K, committed 12544K, reserved 12672K
Event: 11.103 GC heap after
Heap after GC invocations=21 (full 5):
 def new generation   total 78656K, used 8704K [0x04800000, 0x09d50000, 0x09d50000)
  eden space 69952K,   0% used [0x04800000, 0x04800000, 0x08c50000)
  from space 8704K, 100% used [0x094d0000, 0x09d50000, 0x09d50000)
  to   space 8704K,   0% used [0x08c50000, 0x08c50000, 0x094d0000)
 tenured generation   total 174784K, used 151822K [0x09d50000, 0x14800000, 0x14800000)
   the space 174784K,  86% used [0x09d50000, 0x13193828, 0x13193a00, 0x14800000)
 Metaspace       used 12170K, capacity 12381K, committed 12544K, reserved 12672K
}

