# JRE version: Java(TM) SE Runtime Environment (8.0_191-b12) (build 1.8.0_191-b12)
# Java VM: Java HotSpot(TM) Client VM (25.191-b12 mixed mode windows-x86 )
Heap:
 def new generation   total 78656K, used 40425K [0x04a00000, 0x09f50000, 0x09f50000)
  eden space 69952K,  45% used [0x04a00000, 0x068fa5d0, 0x08e50000)
  from space 8704K, 100% used [0x096d0000, 0x09f50000, 0x09f50000)
  to   space 8704K,   0% used [0x08e50000, 0x08e50000, 0x096d0000)
 tenured generation   total 174784K, used 151982K [0x09f50000, 0x14a00000, 0x14a00000)
   the space 174784K,  86% used [0x09f50000, 0x133bb8c8, 0x133bba00, 0x14a00000)
 Metaspace       used 12229K, capacity 12413K, committed 12544K, reserved 12672K
GC Heap History (10 events):
Event: 9.993 GC heap before
{Heap before GC invocations=16 (full 3):
 def new generation   total 24832K, used 22080K [0x04a00000, 0x064f0000, 0x09f50000)
  eden space 22080K, 100% used [0x04a00000, 0x05f90000, 0x05f90000)
  from space 2752K,   0% used [0x05f90000, 0x05f90000, 0x06240000)
  to   space 2752K,   0% used [0x06240000, 0x06240000, 0x064f0000)
 tenured generation   total 55028K, used 33016K [0x09f50000, 0x0d50d000, 0x14a00000)
   the space 55028K,  59% used [0x09f50000, 0x0bf8e198, 0x0bf8e200, 0x0d50d000)
 Metaspace       used 12169K, capacity 12381K, committed 12544K, reserved 12672K
Event: 10.029 GC heap after
Heap after GC invocations=17 (full 3):
 def new generation   total 24832K, used 2752K [0x04a00000, 0x064f0000, 0x09f50000)
  eden space 22080K,   0% used [0x04a00000, 0x04a00000, 0x05f90000)
  from space 2752K, 100% used [0x06240000, 0x064f0000, 0x064f0000)
  to   space 2752K,   0% used [0x05f90000, 0x05f90000, 0x06240000)
 tenured generation   total 55028K, used 45431K [0x09f50000, 0x0d50d000, 0x14a00000)
   the space 55028K,  82% used [0x09f50000, 0x0cbaddb8, 0x0cbade00, 0x0d50d000)
 Metaspace       used 12169K, capacity 12381K, committed 12544K, reserved 12672K
}
Event: 10.050 GC heap before
{Heap before GC invocations=17 (full 3):
 def new generation   total 24832K, used 24832K [0x04a00000, 0x064f0000, 0x09f50000)
  eden space 22080K, 100% used [0x04a00000, 0x05f90000, 0x05f90000)
  from space 2752K, 100% used [0x06240000, 0x064f0000, 0x064f0000)
  to   space 2752K,   0% used [0x05f90000, 0x05f90000, 0x06240000)
 tenured generation   total 55028K, used 45431K [0x09f50000, 0x0d50d000, 0x14a00000)
   the space 55028K,  82% used [0x09f50000, 0x0cbaddb8, 0x0cbade00, 0x0d50d000)
 Metaspace       used 12169K, capacity 12381K, committed 12544K, reserved 12672K
Event: 10.182 GC heap after
Heap after GC invocations=18 (full 4):
 def new generation   total 44928K, used 1029K [0x04a00000, 0x07ab0000, 0x09f50000)
  eden space 40000K,   2% used [0x04a00000, 0x04b015b0, 0x07110000)
  from space 4928K,   0% used [0x07110000, 0x07110000, 0x075e0000)
  to   space 4928K,   0% used [0x075e0000, 0x075e0000, 0x07ab0000)
 tenured generation   total 99608K, used 59763K [0x09f50000, 0x10096000, 0x14a00000)
   the space 99608K,  59% used [0x09f50000, 0x0d9acfe8, 0x0d9ad000, 0x10096000)
 Metaspace       used 12169K, capacity 12381K, committed 12544K, reserved 12672K
}
Event: 10.218 GC heap before
{Heap before GC invocations=18 (full 4):
 def new generation   total 44928K, used 40000K [0x04a00000, 0x07ab0000, 0x09f50000)
  eden space 40000K, 100% used [0x04a00000, 0x07110000, 0x07110000)
  from space 4928K,   0% used [0x07110000, 0x07110000, 0x075e0000)
  to   space 4928K,   0% used [0x075e0000, 0x075e0000, 0x07ab0000)
 tenured generation   total 99608K, used 59763K [0x09f50000, 0x10096000, 0x14a00000)
   the space 99608K,  59% used [0x09f50000, 0x0d9acfe8, 0x0d9ad000, 0x10096000)
 Metaspace       used 12169K, capacity 12381K, committed 12544K, reserved 12672K
Event: 10.290 GC heap after
Heap after GC invocations=19 (full 4):
 def new generation   total 44928K, used 4927K [0x04a00000, 0x07ab0000, 0x09f50000)
  eden space 40000K,   0% used [0x04a00000, 0x04a00000, 0x07110000)
  from space 4928K,  99% used [0x075e0000, 0x07aafff8, 0x07ab0000)
  to   space 4928K,   0% used [0x07110000, 0x07110000, 0x075e0000)
 tenured generation   total 99608K, used 83616K [0x09f50000, 0x10096000, 0x14a00000)
   the space 99608K,  83% used [0x09f50000, 0x0f0f8330, 0x0f0f8400, 0x10096000)
 Metaspace       used 12169K, capacity 12381K, committed 12544K, reserved 12672K
}
Event: 10.325 GC heap before
{Heap before GC invocations=19 (full 4):
 def new generation   total 44928K, used 44927K [0x04a00000, 0x07ab0000, 0x09f50000)
  eden space 40000K, 100% used [0x04a00000, 0x07110000, 0x07110000)
  from space 4928K,  99% used [0x075e0000, 0x07aafff8, 0x07ab0000)
  to   space 4928K,   0% used [0x07110000, 0x07110000, 0x075e0000)
 tenured generation   total 99608K, used 83616K [0x09f50000, 0x10096000, 0x14a00000)
   the space 99608K,  83% used [0x09f50000, 0x0f0f8330, 0x0f0f8400, 0x10096000)
 Metaspace       used 12169K, capacity 12381K, committed 12544K, reserved 12672K
Event: 10.522 GC heap after
Heap after GC invocations=20 (full 5):
 def new generation   total 78656K, used 4813K [0x04a00000, 0x09f50000, 0x09f50000)
  eden space 69952K,   6% used [0x04a00000, 0x04eb3578, 0x08e50000)
  from space 8704K,   0% used [0x08e50000, 0x08e50000, 0x096d0000)
  to   space 8704K,   0% used [0x096d0000, 0x096d0000, 0x09f50000)
 tenured generation   total 174784K, used 112279K [0x09f50000, 0x14a00000, 0x14a00000)
   the space 174784K,  64% used [0x09f50000, 0x10cf5ff0, 0x10cf6000, 0x14a00000)
 Metaspace       used 12169K, capacity 12381K, committed 12544K, reserved 12672K
}
Event: 10.581 GC heap before
{Heap before GC invocations=20 (full 5):
 def new generation   total 78656K, used 69952K [0x04a00000, 0x09f50000, 0x09f50000)
  eden space 69952K, 100% used [0x04a00000, 0x08e50000, 0x08e50000)
  from space 8704K,   0% used [0x08e50000, 0x08e50000, 0x096d0000)
  to   space 8704K,   0% used [0x096d0000, 0x096d0000, 0x09f50000)
 tenured generation   total 174784K, used 112279K [0x09f50000, 0x14a00000, 0x14a00000)
   the space 174784K,  64% used [0x09f50000, 0x10cf5ff0, 0x10cf6000, 0x14a00000)
 Metaspace       used 12169K, capacity 12381K, committed 12544K, reserved 12672K
Event: 10.704 GC heap after
Heap after GC invocations=21 (full 5):
 def new generation   total 78656K, used 8704K [0x04a00000, 0x09f50000, 0x09f50000)
  eden space 69952K,   0% used [0x04a00000, 0x04a00000, 0x08e50000)
  from space 8704K, 100% used [0x096d0000, 0x09f50000, 0x09f50000)
  to   space 8704K,   0% used [0x08e50000, 0x08e50000, 0x096d0000)
 tenured generation   total 174784K, used 151982K [0x09f50000, 0x14a00000, 0x14a00000)
   the space 174784K,  86% used [0x09f50000, 0x133bb8c8, 0x133bba00, 0x14a00000)
 Metaspace       used 12169K, capacity 12381K, committed 12544K, reserved 12672K
}

