# JRE version: Java(TM) SE Runtime Environment (8.0_191-b12) (build 1.8.0_191-b12)
# Java VM: Java HotSpot(TM) Client VM (25.191-b12 mixed mode, sharing windows-x86 )
Heap:
 def new generation   total 78656K, used 25302K [0x04200000, 0x09750000, 0x09750000)
  eden space 69952K,  36% used [0x04200000, 0x05ab5960, 0x08650000)
  from space 8704K,   0% used [0x08650000, 0x08650000, 0x08ed0000)
  to   space 8704K,   0% used [0x08ed0000, 0x08ed0000, 0x09750000)
 tenured generation   total 174784K, used 118327K [0x09750000, 0x14200000, 0x14200000)
   the space 174784K,  67% used [0x09750000, 0x10addff8, 0x10ade000, 0x14200000)
 Metaspace       used 4369K, capacity 4562K, committed 4608K, reserved 5504K
GC Heap History (10 events):
Event: 15.398 GC heap before
{Heap before GC invocations=11 (full 2):
 def new generation   total 14080K, used 14080K [0x04200000, 0x05140000, 0x09750000)
  eden space 12544K, 100% used [0x04200000, 0x04e40000, 0x04e40000)
  from space 1536K, 100% used [0x04fc0000, 0x05140000, 0x05140000)
  to   space 1536K,   0% used [0x04e40000, 0x04e40000, 0x04fc0000)
 tenured generation   total 31180K, used 25708K [0x09750000, 0x0b5c3000, 0x14200000)
   the space 31180K,  82% used [0x09750000, 0x0b06b238, 0x0b06b400, 0x0b5c3000)
 Metaspace       used 4309K, capacity 4498K, committed 4608K, reserved 5504K
Event: 15.454 GC heap after
Heap after GC invocations=12 (full 3):
 def new generation   total 25856K, used 1479K [0x04200000, 0x05e00000, 0x09750000)
  eden space 23040K,   6% used [0x04200000, 0x04371fe0, 0x05880000)
  from space 2816K,   0% used [0x05880000, 0x05880000, 0x05b40000)
  to   space 2816K,   0% used [0x05b40000, 0x05b40000, 0x05e00000)
 tenured generation   total 57300K, used 34380K [0x09750000, 0x0cf45000, 0x14200000)
   the space 57300K,  60% used [0x09750000, 0x0b8e3000, 0x0b8e3000, 0x0cf45000)
 Metaspace       used 4309K, capacity 4498K, committed 4608K, reserved 5504K
}
Event: 15.474 GC heap before
{Heap before GC invocations=12 (full 3):
 def new generation   total 25856K, used 23040K [0x04200000, 0x05e00000, 0x09750000)
  eden space 23040K, 100% used [0x04200000, 0x05880000, 0x05880000)
  from space 2816K,   0% used [0x05880000, 0x05880000, 0x05b40000)
  to   space 2816K,   0% used [0x05b40000, 0x05b40000, 0x05e00000)
 tenured generation   total 57300K, used 34380K [0x09750000, 0x0cf45000, 0x14200000)
   the space 57300K,  60% used [0x09750000, 0x0b8e3000, 0x0b8e3000, 0x0cf45000)
 Metaspace       used 4309K, capacity 4498K, committed 4608K, reserved 5504K
Event: 15.511 GC heap after
Heap after GC invocations=13 (full 3):
 def new generation   total 25856K, used 2816K [0x04200000, 0x05e00000, 0x09750000)
  eden space 23040K,   0% used [0x04200000, 0x04200000, 0x05880000)
  from space 2816K, 100% used [0x05b40000, 0x05e00000, 0x05e00000)
  to   space 2816K,   0% used [0x05880000, 0x05880000, 0x05b40000)
 tenured generation   total 57300K, used 47192K [0x09750000, 0x0cf45000, 0x14200000)
   the space 57300K,  82% used [0x09750000, 0x0c566040, 0x0c566200, 0x0cf45000)
 Metaspace       used 4309K, capacity 4498K, committed 4608K, reserved 5504K
}
Event: 15.531 GC heap before
{Heap before GC invocations=13 (full 3):
 def new generation   total 25856K, used 24692K [0x04200000, 0x05e00000, 0x09750000)
  eden space 23040K,  94% used [0x04200000, 0x0575d378, 0x05880000)
  from space 2816K, 100% used [0x05b40000, 0x05e00000, 0x05e00000)
  to   space 2816K,   0% used [0x05880000, 0x05880000, 0x05b40000)
 tenured generation   total 57300K, used 47192K [0x09750000, 0x0cf45000, 0x14200000)
   the space 57300K,  82% used [0x09750000, 0x0c566040, 0x0c566200, 0x0cf45000)
 Metaspace       used 4309K, capacity 4498K, committed 4608K, reserved 5504K
Event: 15.677 GC heap after
Heap after GC invocations=14 (full 4):
 def new generation   total 47552K, used 144K [0x04200000, 0x07590000, 0x09750000)
  eden space 42304K,   0% used [0x04200000, 0x04224318, 0x06b50000)
  from space 5248K,   0% used [0x06b50000, 0x06b50000, 0x07070000)
  to   space 5248K,   0% used [0x07070000, 0x07070000, 0x07590000)
 tenured generation   total 105528K, used 63315K [0x09750000, 0x0fe5e000, 0x14200000)
   the space 105528K,  59% used [0x09750000, 0x0d524ff0, 0x0d525000, 0x0fe5e000)
 Metaspace       used 4309K, capacity 4498K, committed 4608K, reserved 5504K
}
Event: 15.713 GC heap before
{Heap before GC invocations=14 (full 4):
 def new generation   total 47552K, used 42304K [0x04200000, 0x07590000, 0x09750000)
  eden space 42304K, 100% used [0x04200000, 0x06b50000, 0x06b50000)
  from space 5248K,   0% used [0x06b50000, 0x06b50000, 0x07070000)
  to   space 5248K,   0% used [0x07070000, 0x07070000, 0x07590000)
 tenured generation   total 105528K, used 63315K [0x09750000, 0x0fe5e000, 0x14200000)
   the space 105528K,  59% used [0x09750000, 0x0d524ff0, 0x0d525000, 0x0fe5e000)
 Metaspace       used 4309K, capacity 4498K, committed 4608K, reserved 5504K
Event: 15.787 GC heap after
Heap after GC invocations=15 (full 4):
 def new generation   total 47552K, used 5248K [0x04200000, 0x07590000, 0x09750000)
  eden space 42304K,   0% used [0x04200000, 0x04200000, 0x06b50000)
  from space 5248K, 100% used [0x07070000, 0x07590000, 0x07590000)
  to   space 5248K,   0% used [0x06b50000, 0x06b50000, 0x07070000)
 tenured generation   total 105528K, used 86982K [0x09750000, 0x0fe5e000, 0x14200000)
   the space 105528K,  82% used [0x09750000, 0x0ec41980, 0x0ec41a00, 0x0fe5e000)
 Metaspace       used 4309K, capacity 4498K, committed 4608K, reserved 5504K
}
Event: 15.823 GC heap before
{Heap before GC invocations=15 (full 4):
 def new generation   total 47552K, used 47552K [0x04200000, 0x07590000, 0x09750000)
  eden space 42304K, 100% used [0x04200000, 0x06b50000, 0x06b50000)
  from space 5248K, 100% used [0x07070000, 0x07590000, 0x07590000)
  to   space 5248K,   0% used [0x06b50000, 0x06b50000, 0x07070000)
 tenured generation   total 105528K, used 86982K [0x09750000, 0x0fe5e000, 0x14200000)
   the space 105528K,  82% used [0x09750000, 0x0ec41980, 0x0ec41a00, 0x0fe5e000)
 Metaspace       used 4309K, capacity 4498K, committed 4608K, reserved 5504K
Event: 16.036 GC heap after
Heap after GC invocations=16 (full 5):
 def new generation   total 78656K, used 5165K [0x04200000, 0x09750000, 0x09750000)
  eden space 69952K,   7% used [0x04200000, 0x0470b4d8, 0x08650000)
  from space 8704K,   0% used [0x08650000, 0x08650000, 0x08ed0000)
  to   space 8704K,   0% used [0x08ed0000, 0x08ed0000, 0x09750000)
 tenured generation   total 174784K, used 118327K [0x09750000, 0x14200000, 0x14200000)
   the space 174784K,  67% used [0x09750000, 0x10addff8, 0x10ade000, 0x14200000)
 Metaspace       used 4309K, capacity 4498K, committed 4608K, reserved 5504K
}

